<?xml version="1.0" encoding="UTF-8" ?>
<testsuites name="vitest tests" tests="957" failures="845" errors="0" time="2.409">
    <testsuite name="backend/src/routes/__tests__/admin-events.test.ts" timestamp="2025-10-15T05:17:58.689Z" hostname="Kevins-MacBook-Pro.local" tests="1" failures="1" errors="0" skipped="0" time="0">
        <testcase classname="backend/src/routes/__tests__/admin-events.test.ts" name="backend/src/routes/__tests__/admin-events.test.ts" time="0">
            <failure message="Failed to load url cloudflare:test (resolved id: cloudflare:test) in /Users/kevingeng/code/matchamap/backend/src/routes/__tests__/reviews.test.ts. Does the file exist?" type="Error">
Error: Failed to load url cloudflare:test (resolved id: cloudflare:test) in /Users/kevingeng/code/matchamap/backend/src/routes/__tests__/reviews.test.ts. Does the file exist?
 ❯ loadAndTransform node_modules/vite/dist/node/chunks/dep-D_zLpgQd.js:51968:17
            </failure>
        </testcase>
    </testsuite>
    <testsuite name="backend/src/routes/__tests__/admin-feed.test.ts" timestamp="2025-10-15T05:17:58.690Z" hostname="Kevins-MacBook-Pro.local" tests="1" failures="1" errors="0" skipped="0" time="0">
        <testcase classname="backend/src/routes/__tests__/admin-feed.test.ts" name="backend/src/routes/__tests__/admin-feed.test.ts" time="0">
            <failure message="Failed to load url cloudflare:test (resolved id: cloudflare:test) in /Users/kevingeng/code/matchamap/backend/src/routes/__tests__/reviews.test.ts. Does the file exist?" type="Error">
Error: Failed to load url cloudflare:test (resolved id: cloudflare:test) in /Users/kevingeng/code/matchamap/backend/src/routes/__tests__/reviews.test.ts. Does the file exist?
 ❯ loadAndTransform node_modules/vite/dist/node/chunks/dep-D_zLpgQd.js:51968:17
            </failure>
        </testcase>
    </testsuite>
    <testsuite name="backend/src/routes/__tests__/admin-users.test.ts" timestamp="2025-10-15T05:17:58.691Z" hostname="Kevins-MacBook-Pro.local" tests="1" failures="1" errors="0" skipped="0" time="0">
        <testcase classname="backend/src/routes/__tests__/admin-users.test.ts" name="backend/src/routes/__tests__/admin-users.test.ts" time="0">
            <failure message="Failed to load url cloudflare:test (resolved id: cloudflare:test) in /Users/kevingeng/code/matchamap/backend/src/routes/__tests__/reviews.test.ts. Does the file exist?" type="Error">
Error: Failed to load url cloudflare:test (resolved id: cloudflare:test) in /Users/kevingeng/code/matchamap/backend/src/routes/__tests__/reviews.test.ts. Does the file exist?
 ❯ loadAndTransform node_modules/vite/dist/node/chunks/dep-D_zLpgQd.js:51968:17
            </failure>
        </testcase>
    </testsuite>
    <testsuite name="backend/src/routes/__tests__/auth.test.ts" timestamp="2025-10-15T05:17:58.691Z" hostname="Kevins-MacBook-Pro.local" tests="1" failures="1" errors="0" skipped="0" time="0">
        <testcase classname="backend/src/routes/__tests__/auth.test.ts" name="backend/src/routes/__tests__/auth.test.ts" time="0">
            <failure message="Failed to load url cloudflare:test (resolved id: cloudflare:test) in /Users/kevingeng/code/matchamap/backend/src/routes/__tests__/reviews.test.ts. Does the file exist?" type="Error">
Error: Failed to load url cloudflare:test (resolved id: cloudflare:test) in /Users/kevingeng/code/matchamap/backend/src/routes/__tests__/reviews.test.ts. Does the file exist?
 ❯ loadAndTransform node_modules/vite/dist/node/chunks/dep-D_zLpgQd.js:51968:17
            </failure>
        </testcase>
    </testsuite>
    <testsuite name="backend/src/routes/__tests__/cafes.test.ts" timestamp="2025-10-15T05:17:58.692Z" hostname="Kevins-MacBook-Pro.local" tests="1" failures="1" errors="0" skipped="0" time="0">
        <testcase classname="backend/src/routes/__tests__/cafes.test.ts" name="backend/src/routes/__tests__/cafes.test.ts" time="0">
            <failure message="Failed to load url cloudflare:test (resolved id: cloudflare:test) in /Users/kevingeng/code/matchamap/backend/src/routes/__tests__/reviews.test.ts. Does the file exist?" type="Error">
Error: Failed to load url cloudflare:test (resolved id: cloudflare:test) in /Users/kevingeng/code/matchamap/backend/src/routes/__tests__/reviews.test.ts. Does the file exist?
 ❯ loadAndTransform node_modules/vite/dist/node/chunks/dep-D_zLpgQd.js:51968:17
            </failure>
        </testcase>
    </testsuite>
    <testsuite name="backend/src/routes/__tests__/cities.test.ts" timestamp="2025-10-15T05:17:58.692Z" hostname="Kevins-MacBook-Pro.local" tests="1" failures="1" errors="0" skipped="0" time="0">
        <testcase classname="backend/src/routes/__tests__/cities.test.ts" name="backend/src/routes/__tests__/cities.test.ts" time="0">
            <failure message="Failed to load url cloudflare:test (resolved id: cloudflare:test) in /Users/kevingeng/code/matchamap/backend/src/routes/__tests__/reviews.test.ts. Does the file exist?" type="Error">
Error: Failed to load url cloudflare:test (resolved id: cloudflare:test) in /Users/kevingeng/code/matchamap/backend/src/routes/__tests__/reviews.test.ts. Does the file exist?
 ❯ loadAndTransform node_modules/vite/dist/node/chunks/dep-D_zLpgQd.js:51968:17
            </failure>
        </testcase>
    </testsuite>
    <testsuite name="backend/src/routes/__tests__/drinks.test.ts" timestamp="2025-10-15T05:17:58.692Z" hostname="Kevins-MacBook-Pro.local" tests="1" failures="1" errors="0" skipped="0" time="0">
        <testcase classname="backend/src/routes/__tests__/drinks.test.ts" name="backend/src/routes/__tests__/drinks.test.ts" time="0">
            <failure message="Failed to load url cloudflare:test (resolved id: cloudflare:test) in /Users/kevingeng/code/matchamap/backend/src/routes/__tests__/reviews.test.ts. Does the file exist?" type="Error">
Error: Failed to load url cloudflare:test (resolved id: cloudflare:test) in /Users/kevingeng/code/matchamap/backend/src/routes/__tests__/reviews.test.ts. Does the file exist?
 ❯ loadAndTransform node_modules/vite/dist/node/chunks/dep-D_zLpgQd.js:51968:17
            </failure>
        </testcase>
    </testsuite>
    <testsuite name="backend/src/routes/__tests__/events.test.ts" timestamp="2025-10-15T05:17:58.693Z" hostname="Kevins-MacBook-Pro.local" tests="1" failures="1" errors="0" skipped="0" time="0">
        <testcase classname="backend/src/routes/__tests__/events.test.ts" name="backend/src/routes/__tests__/events.test.ts" time="0">
            <failure message="Failed to load url cloudflare:test (resolved id: cloudflare:test) in /Users/kevingeng/code/matchamap/backend/src/routes/__tests__/reviews.test.ts. Does the file exist?" type="Error">
Error: Failed to load url cloudflare:test (resolved id: cloudflare:test) in /Users/kevingeng/code/matchamap/backend/src/routes/__tests__/reviews.test.ts. Does the file exist?
 ❯ loadAndTransform node_modules/vite/dist/node/chunks/dep-D_zLpgQd.js:51968:17
            </failure>
        </testcase>
    </testsuite>
    <testsuite name="backend/src/routes/__tests__/feed.test.ts" timestamp="2025-10-15T05:17:58.693Z" hostname="Kevins-MacBook-Pro.local" tests="1" failures="1" errors="0" skipped="0" time="0">
        <testcase classname="backend/src/routes/__tests__/feed.test.ts" name="backend/src/routes/__tests__/feed.test.ts" time="0">
            <failure message="Failed to load url cloudflare:test (resolved id: cloudflare:test) in /Users/kevingeng/code/matchamap/backend/src/routes/__tests__/reviews.test.ts. Does the file exist?" type="Error">
Error: Failed to load url cloudflare:test (resolved id: cloudflare:test) in /Users/kevingeng/code/matchamap/backend/src/routes/__tests__/reviews.test.ts. Does the file exist?
 ❯ loadAndTransform node_modules/vite/dist/node/chunks/dep-D_zLpgQd.js:51968:17
            </failure>
        </testcase>
    </testsuite>
    <testsuite name="backend/src/routes/__tests__/health.test.ts" timestamp="2025-10-15T05:17:58.694Z" hostname="Kevins-MacBook-Pro.local" tests="1" failures="1" errors="0" skipped="0" time="0">
        <testcase classname="backend/src/routes/__tests__/health.test.ts" name="backend/src/routes/__tests__/health.test.ts" time="0">
            <failure message="Failed to load url cloudflare:test (resolved id: cloudflare:test) in /Users/kevingeng/code/matchamap/backend/src/routes/__tests__/reviews.test.ts. Does the file exist?" type="Error">
Error: Failed to load url cloudflare:test (resolved id: cloudflare:test) in /Users/kevingeng/code/matchamap/backend/src/routes/__tests__/reviews.test.ts. Does the file exist?
 ❯ loadAndTransform node_modules/vite/dist/node/chunks/dep-D_zLpgQd.js:51968:17
            </failure>
        </testcase>
    </testsuite>
    <testsuite name="backend/src/routes/__tests__/photos.test.ts" timestamp="2025-10-15T05:17:58.694Z" hostname="Kevins-MacBook-Pro.local" tests="11" failures="11" errors="0" skipped="0" time="0.021">
        <testcase classname="backend/src/routes/__tests__/photos.test.ts" name="Photo Upload Routes &gt; uploadPhoto &gt; should upload photo successfully" time="0.015">
            <system-err>
Photo upload error: TypeError: Cannot read properties of undefined (reading &apos;get&apos;)
    at Module.getCorsHeaders [90m(/Users/kevingeng/code/matchamap/[39mbackend/src/utils/cors.ts:5:34[90m)[39m
    at Module.jsonResponse [90m(/Users/kevingeng/code/matchamap/[39mbackend/src/utils/response.ts:15:8[90m)[39m
    at Module.uploadPhoto [90m(/Users/kevingeng/code/matchamap/[39mbackend/src/routes/photos.ts:38:14[90m)[39m
    at [90m/Users/kevingeng/code/matchamap/[39mbackend/src/routes/__tests__/photos.test.ts:92:24
    at runTest [90m(file:///Users/kevingeng/code/matchamap/[39mnode_modules/[4m@vitest[24m/runner/dist/index.js:781:11[90m)[39m
    at runSuite [90m(file:///Users/kevingeng/code/matchamap/[39mnode_modules/[4m@vitest[24m/runner/dist/index.js:909:15[90m)[39m
    at runSuite [90m(file:///Users/kevingeng/code/matchamap/[39mnode_modules/[4m@vitest[24m/runner/dist/index.js:909:15[90m)[39m
    at runSuite [90m(file:///Users/kevingeng/code/matchamap/[39mnode_modules/[4m@vitest[24m/runner/dist/index.js:909:15[90m)[39m
    at runFiles [90m(file:///Users/kevingeng/code/matchamap/[39mnode_modules/[4m@vitest[24m/runner/dist/index.js:958:5[90m)[39m
    at startTests [90m(file:///Users/kevingeng/code/matchamap/[39mnode_modules/[4m@vitest[24m/runner/dist/index.js:967:3[90m)[39m

            </system-err>
            <failure message="Cannot read properties of undefined (reading &apos;get&apos;)" type="TypeError">
TypeError: Cannot read properties of undefined (reading &apos;get&apos;)
 ❯ Module.getCorsHeaders backend/src/utils/cors.ts:5:34
 ❯ Module.jsonResponse backend/src/utils/response.ts:15:8
 ❯ Module.uploadPhoto backend/src/routes/photos.ts:120:12
 ❯ backend/src/routes/__tests__/photos.test.ts:92:24
            </failure>
        </testcase>
        <testcase classname="backend/src/routes/__tests__/photos.test.ts" name="Photo Upload Routes &gt; uploadPhoto &gt; should return 401 when user is not authenticated" time="0.001">
            <system-err>
Photo upload error: TypeError: Cannot read properties of undefined (reading &apos;get&apos;)
    at Module.getCorsHeaders [90m(/Users/kevingeng/code/matchamap/[39mbackend/src/utils/cors.ts:5:34[90m)[39m
    at Module.jsonResponse [90m(/Users/kevingeng/code/matchamap/[39mbackend/src/utils/response.ts:15:8[90m)[39m
    at Module.uploadPhoto [90m(/Users/kevingeng/code/matchamap/[39mbackend/src/routes/photos.ts:26:14[90m)[39m
    at [90m/Users/kevingeng/code/matchamap/[39mbackend/src/routes/__tests__/photos.test.ts:106:30
    at [90mfile:///Users/kevingeng/code/matchamap/[39mnode_modules/[4m@vitest[24m/runner/dist/index.js:135:14
    at [90mfile:///Users/kevingeng/code/matchamap/[39mnode_modules/[4m@vitest[24m/runner/dist/index.js:60:26
    at runTest [90m(file:///Users/kevingeng/code/matchamap/[39mnode_modules/[4m@vitest[24m/runner/dist/index.js:781:17[90m)[39m
    at runSuite [90m(file:///Users/kevingeng/code/matchamap/[39mnode_modules/[4m@vitest[24m/runner/dist/index.js:909:15[90m)[39m
    at runSuite [90m(file:///Users/kevingeng/code/matchamap/[39mnode_modules/[4m@vitest[24m/runner/dist/index.js:909:15[90m)[39m
    at runSuite [90m(file:///Users/kevingeng/code/matchamap/[39mnode_modules/[4m@vitest[24m/runner/dist/index.js:909:15[90m)[39m

            </system-err>
            <failure message="Cannot read properties of undefined (reading &apos;get&apos;)" type="TypeError">
TypeError: Cannot read properties of undefined (reading &apos;get&apos;)
 ❯ Module.getCorsHeaders backend/src/utils/cors.ts:5:34
 ❯ Module.jsonResponse backend/src/utils/response.ts:15:8
 ❯ Module.uploadPhoto backend/src/routes/photos.ts:120:12
 ❯ backend/src/routes/__tests__/photos.test.ts:106:30
            </failure>
        </testcase>
        <testcase classname="backend/src/routes/__tests__/photos.test.ts" name="Photo Upload Routes &gt; uploadPhoto &gt; should return 400 when no file is provided" time="0">
            <system-err>
Photo upload error: TypeError: Cannot read properties of undefined (reading &apos;get&apos;)
    at Module.getCorsHeaders [90m(/Users/kevingeng/code/matchamap/[39mbackend/src/utils/cors.ts:5:34[90m)[39m
    at Module.jsonResponse [90m(/Users/kevingeng/code/matchamap/[39mbackend/src/utils/response.ts:15:8[90m)[39m
    at Module.uploadPhoto [90m(/Users/kevingeng/code/matchamap/[39mbackend/src/routes/photos.ts:38:14[90m)[39m
    at [90m/Users/kevingeng/code/matchamap/[39mbackend/src/routes/__tests__/photos.test.ts:122:24
    at runTest [90m(file:///Users/kevingeng/code/matchamap/[39mnode_modules/[4m@vitest[24m/runner/dist/index.js:781:11[90m)[39m
    at runSuite [90m(file:///Users/kevingeng/code/matchamap/[39mnode_modules/[4m@vitest[24m/runner/dist/index.js:909:15[90m)[39m
    at runSuite [90m(file:///Users/kevingeng/code/matchamap/[39mnode_modules/[4m@vitest[24m/runner/dist/index.js:909:15[90m)[39m
    at runSuite [90m(file:///Users/kevingeng/code/matchamap/[39mnode_modules/[4m@vitest[24m/runner/dist/index.js:909:15[90m)[39m
    at runFiles [90m(file:///Users/kevingeng/code/matchamap/[39mnode_modules/[4m@vitest[24m/runner/dist/index.js:958:5[90m)[39m
    at startTests [90m(file:///Users/kevingeng/code/matchamap/[39mnode_modules/[4m@vitest[24m/runner/dist/index.js:967:3[90m)[39m

            </system-err>
            <failure message="Cannot read properties of undefined (reading &apos;get&apos;)" type="TypeError">
TypeError: Cannot read properties of undefined (reading &apos;get&apos;)
 ❯ Module.getCorsHeaders backend/src/utils/cors.ts:5:34
 ❯ Module.jsonResponse backend/src/utils/response.ts:15:8
 ❯ Module.uploadPhoto backend/src/routes/photos.ts:120:12
 ❯ backend/src/routes/__tests__/photos.test.ts:122:24
            </failure>
        </testcase>
        <testcase classname="backend/src/routes/__tests__/photos.test.ts" name="Photo Upload Routes &gt; uploadPhoto &gt; should return 400 when cafeId is missing" time="0.001">
            <system-err>
Photo upload error: TypeError: Cannot read properties of undefined (reading &apos;get&apos;)
    at Module.getCorsHeaders [90m(/Users/kevingeng/code/matchamap/[39mbackend/src/utils/cors.ts:5:34[90m)[39m
    at Module.jsonResponse [90m(/Users/kevingeng/code/matchamap/[39mbackend/src/utils/response.ts:15:8[90m)[39m
    at Module.uploadPhoto [90m(/Users/kevingeng/code/matchamap/[39mbackend/src/routes/photos.ts:38:14[90m)[39m
    at [90m/Users/kevingeng/code/matchamap/[39mbackend/src/routes/__tests__/photos.test.ts:139:24
    at runTest [90m(file:///Users/kevingeng/code/matchamap/[39mnode_modules/[4m@vitest[24m/runner/dist/index.js:781:11[90m)[39m
    at runSuite [90m(file:///Users/kevingeng/code/matchamap/[39mnode_modules/[4m@vitest[24m/runner/dist/index.js:909:15[90m)[39m
    at runSuite [90m(file:///Users/kevingeng/code/matchamap/[39mnode_modules/[4m@vitest[24m/runner/dist/index.js:909:15[90m)[39m
    at runSuite [90m(file:///Users/kevingeng/code/matchamap/[39mnode_modules/[4m@vitest[24m/runner/dist/index.js:909:15[90m)[39m
    at runFiles [90m(file:///Users/kevingeng/code/matchamap/[39mnode_modules/[4m@vitest[24m/runner/dist/index.js:958:5[90m)[39m
    at startTests [90m(file:///Users/kevingeng/code/matchamap/[39mnode_modules/[4m@vitest[24m/runner/dist/index.js:967:3[90m)[39m

            </system-err>
            <failure message="Cannot read properties of undefined (reading &apos;get&apos;)" type="TypeError">
TypeError: Cannot read properties of undefined (reading &apos;get&apos;)
 ❯ Module.getCorsHeaders backend/src/utils/cors.ts:5:34
 ❯ Module.jsonResponse backend/src/utils/response.ts:15:8
 ❯ Module.uploadPhoto backend/src/routes/photos.ts:120:12
 ❯ backend/src/routes/__tests__/photos.test.ts:139:24
            </failure>
        </testcase>
        <testcase classname="backend/src/routes/__tests__/photos.test.ts" name="Photo Upload Routes &gt; getUserPhotos &gt; should return user photos successfully" time="0">
            <failure message="getUserPhotos is not a function" type="TypeError">
TypeError: getUserPhotos is not a function
 ❯ backend/src/routes/__tests__/photos.test.ts:169:30
            </failure>
        </testcase>
        <testcase classname="backend/src/routes/__tests__/photos.test.ts" name="Photo Upload Routes &gt; getUserPhotos &gt; should return 401 when user is not authenticated" time="0.001">
            <failure message="getUserPhotos is not a function" type="TypeError">
TypeError: getUserPhotos is not a function
 ❯ backend/src/routes/__tests__/photos.test.ts:182:30
            </failure>
        </testcase>
        <testcase classname="backend/src/routes/__tests__/photos.test.ts" name="Photo Upload Routes &gt; deletePhoto &gt; should delete photo successfully" time="0">
            <system-err>
Delete photo error: TypeError: db.select is not a function
    at Module.deletePhoto [90m(/Users/kevingeng/code/matchamap/[39mbackend/src/routes/photos.ts:193:8[90m)[39m
    at [90m/Users/kevingeng/code/matchamap/[39mbackend/src/routes/__tests__/photos.test.ts:199:30
    at [90mfile:///Users/kevingeng/code/matchamap/[39mnode_modules/[4m@vitest[24m/runner/dist/index.js:135:14
    at [90mfile:///Users/kevingeng/code/matchamap/[39mnode_modules/[4m@vitest[24m/runner/dist/index.js:60:26
    at runTest [90m(file:///Users/kevingeng/code/matchamap/[39mnode_modules/[4m@vitest[24m/runner/dist/index.js:781:17[90m)[39m
    at runSuite [90m(file:///Users/kevingeng/code/matchamap/[39mnode_modules/[4m@vitest[24m/runner/dist/index.js:909:15[90m)[39m
    at runSuite [90m(file:///Users/kevingeng/code/matchamap/[39mnode_modules/[4m@vitest[24m/runner/dist/index.js:909:15[90m)[39m
    at runSuite [90m(file:///Users/kevingeng/code/matchamap/[39mnode_modules/[4m@vitest[24m/runner/dist/index.js:909:15[90m)[39m
    at runFiles [90m(file:///Users/kevingeng/code/matchamap/[39mnode_modules/[4m@vitest[24m/runner/dist/index.js:958:5[90m)[39m
    at startTests [90m(file:///Users/kevingeng/code/matchamap/[39mnode_modules/[4m@vitest[24m/runner/dist/index.js:967:3[90m)[39m

            </system-err>
            <failure message="Cannot read properties of undefined (reading &apos;get&apos;)" type="TypeError">
TypeError: Cannot read properties of undefined (reading &apos;get&apos;)
 ❯ Module.getCorsHeaders backend/src/utils/cors.ts:5:34
 ❯ Module.jsonResponse backend/src/utils/response.ts:15:8
 ❯ Module.deletePhoto backend/src/routes/photos.ts:220:12
 ❯ backend/src/routes/__tests__/photos.test.ts:199:30
            </failure>
        </testcase>
        <testcase classname="backend/src/routes/__tests__/photos.test.ts" name="Photo Upload Routes &gt; deletePhoto &gt; should return 401 when user is not authenticated" time="0.001">
            <system-err>
Delete photo error: TypeError: Cannot read properties of undefined (reading &apos;get&apos;)
    at Module.getCorsHeaders [90m(/Users/kevingeng/code/matchamap/[39mbackend/src/utils/cors.ts:5:34[90m)[39m
    at Module.jsonResponse [90m(/Users/kevingeng/code/matchamap/[39mbackend/src/utils/response.ts:15:8[90m)[39m
    at Module.deletePhoto [90m(/Users/kevingeng/code/matchamap/[39mbackend/src/routes/photos.ts:182:14[90m)[39m
    at [90m/Users/kevingeng/code/matchamap/[39mbackend/src/routes/__tests__/photos.test.ts:213:30
    at [90mfile:///Users/kevingeng/code/matchamap/[39mnode_modules/[4m@vitest[24m/runner/dist/index.js:135:14
    at [90mfile:///Users/kevingeng/code/matchamap/[39mnode_modules/[4m@vitest[24m/runner/dist/index.js:60:26
    at runTest [90m(file:///Users/kevingeng/code/matchamap/[39mnode_modules/[4m@vitest[24m/runner/dist/index.js:781:17[90m)[39m
    at runSuite [90m(file:///Users/kevingeng/code/matchamap/[39mnode_modules/[4m@vitest[24m/runner/dist/index.js:909:15[90m)[39m
    at runSuite [90m(file:///Users/kevingeng/code/matchamap/[39mnode_modules/[4m@vitest[24m/runner/dist/index.js:909:15[90m)[39m
    at runSuite [90m(file:///Users/kevingeng/code/matchamap/[39mnode_modules/[4m@vitest[24m/runner/dist/index.js:909:15[90m)[39m

            </system-err>
            <failure message="Cannot read properties of undefined (reading &apos;get&apos;)" type="TypeError">
TypeError: Cannot read properties of undefined (reading &apos;get&apos;)
 ❯ Module.getCorsHeaders backend/src/utils/cors.ts:5:34
 ❯ Module.jsonResponse backend/src/utils/response.ts:15:8
 ❯ Module.deletePhoto backend/src/routes/photos.ts:220:12
 ❯ backend/src/routes/__tests__/photos.test.ts:213:30
            </failure>
        </testcase>
        <testcase classname="backend/src/routes/__tests__/photos.test.ts" name="Photo Upload Routes &gt; deletePhoto &gt; should return 404 when photo not found" time="0">
            <system-err>
Delete photo error: TypeError: db.select is not a function
    at Module.deletePhoto [90m(/Users/kevingeng/code/matchamap/[39mbackend/src/routes/photos.ts:193:8[90m)[39m
    at [90m/Users/kevingeng/code/matchamap/[39mbackend/src/routes/__tests__/photos.test.ts:229:30
    at runTest [90m(file:///Users/kevingeng/code/matchamap/[39mnode_modules/[4m@vitest[24m/runner/dist/index.js:781:11[90m)[39m
    at runSuite [90m(file:///Users/kevingeng/code/matchamap/[39mnode_modules/[4m@vitest[24m/runner/dist/index.js:909:15[90m)[39m
    at runSuite [90m(file:///Users/kevingeng/code/matchamap/[39mnode_modules/[4m@vitest[24m/runner/dist/index.js:909:15[90m)[39m
    at runSuite [90m(file:///Users/kevingeng/code/matchamap/[39mnode_modules/[4m@vitest[24m/runner/dist/index.js:909:15[90m)[39m
    at runFiles [90m(file:///Users/kevingeng/code/matchamap/[39mnode_modules/[4m@vitest[24m/runner/dist/index.js:958:5[90m)[39m
    at startTests [90m(file:///Users/kevingeng/code/matchamap/[39mnode_modules/[4m@vitest[24m/runner/dist/index.js:967:3[90m)[39m
    at [90mfile:///Users/kevingeng/code/matchamap/[39mnode_modules/[4mvitest[24m/dist/chunks/runtime-runBaseTests.oAvMKtQC.js:116:7
    at withEnv [90m(file:///Users/kevingeng/code/matchamap/[39mnode_modules/[4mvitest[24m/dist/chunks/runtime-runBaseTests.oAvMKtQC.js:83:5[90m)[39m

            </system-err>
            <failure message="Cannot read properties of undefined (reading &apos;get&apos;)" type="TypeError">
TypeError: Cannot read properties of undefined (reading &apos;get&apos;)
 ❯ Module.getCorsHeaders backend/src/utils/cors.ts:5:34
 ❯ Module.jsonResponse backend/src/utils/response.ts:15:8
 ❯ Module.deletePhoto backend/src/routes/photos.ts:220:12
 ❯ backend/src/routes/__tests__/photos.test.ts:229:30
            </failure>
        </testcase>
        <testcase classname="backend/src/routes/__tests__/photos.test.ts" name="Photo Upload Routes &gt; getPhotosByCafe &gt; should return cafe photos successfully" time="0.001">
            <failure message="mockDbInstance.select(...).from(...).leftJoin is not a function" type="TypeError">
TypeError: mockDbInstance.select(...).from(...).leftJoin is not a function
 ❯ backend/src/routes/__tests__/photos.test.ts:253:38
            </failure>
        </testcase>
        <testcase classname="backend/src/routes/__tests__/photos.test.ts" name="Photo Upload Routes &gt; getPhotosByCafe &gt; should return empty array for cafe with no photos" time="0">
            <failure message="mockDbInstance.select(...).from(...).leftJoin is not a function" type="TypeError">
TypeError: mockDbInstance.select(...).from(...).leftJoin is not a function
 ❯ backend/src/routes/__tests__/photos.test.ts:270:38
            </failure>
        </testcase>
    </testsuite>
    <testsuite name="backend/src/routes/__tests__/places.test.ts" timestamp="2025-10-15T05:17:58.697Z" hostname="Kevins-MacBook-Pro.local" tests="1" failures="1" errors="0" skipped="0" time="0">
        <testcase classname="backend/src/routes/__tests__/places.test.ts" name="backend/src/routes/__tests__/places.test.ts" time="0">
            <failure message="Failed to load url cloudflare:test (resolved id: cloudflare:test) in /Users/kevingeng/code/matchamap/backend/src/routes/__tests__/reviews.test.ts. Does the file exist?" type="Error">
Error: Failed to load url cloudflare:test (resolved id: cloudflare:test) in /Users/kevingeng/code/matchamap/backend/src/routes/__tests__/reviews.test.ts. Does the file exist?
 ❯ loadAndTransform node_modules/vite/dist/node/chunks/dep-D_zLpgQd.js:51968:17
            </failure>
        </testcase>
    </testsuite>
    <testsuite name="backend/src/routes/__tests__/profile.test.ts" timestamp="2025-10-15T05:17:58.697Z" hostname="Kevins-MacBook-Pro.local" tests="1" failures="1" errors="0" skipped="0" time="0">
        <testcase classname="backend/src/routes/__tests__/profile.test.ts" name="backend/src/routes/__tests__/profile.test.ts" time="0">
            <failure message="Failed to load url cloudflare:test (resolved id: cloudflare:test) in /Users/kevingeng/code/matchamap/backend/src/routes/__tests__/reviews.test.ts. Does the file exist?" type="Error">
Error: Failed to load url cloudflare:test (resolved id: cloudflare:test) in /Users/kevingeng/code/matchamap/backend/src/routes/__tests__/reviews.test.ts. Does the file exist?
 ❯ loadAndTransform node_modules/vite/dist/node/chunks/dep-D_zLpgQd.js:51968:17
            </failure>
        </testcase>
    </testsuite>
    <testsuite name="backend/src/routes/__tests__/reviews.test.ts" timestamp="2025-10-15T05:17:58.697Z" hostname="Kevins-MacBook-Pro.local" tests="1" failures="1" errors="0" skipped="0" time="0">
        <testcase classname="backend/src/routes/__tests__/reviews.test.ts" name="backend/src/routes/__tests__/reviews.test.ts" time="0">
            <failure message="Failed to load url cloudflare:test (resolved id: cloudflare:test) in /Users/kevingeng/code/matchamap/backend/src/routes/__tests__/reviews.test.ts. Does the file exist?" type="Error">
Error: Failed to load url cloudflare:test (resolved id: cloudflare:test) in /Users/kevingeng/code/matchamap/backend/src/routes/__tests__/reviews.test.ts. Does the file exist?
 ❯ loadAndTransform node_modules/vite/dist/node/chunks/dep-D_zLpgQd.js:51968:17
            </failure>
        </testcase>
    </testsuite>
    <testsuite name="backend/src/routes/__tests__/waitlist.test.ts" timestamp="2025-10-15T05:17:58.698Z" hostname="Kevins-MacBook-Pro.local" tests="1" failures="1" errors="0" skipped="0" time="0">
        <testcase classname="backend/src/routes/__tests__/waitlist.test.ts" name="backend/src/routes/__tests__/waitlist.test.ts" time="0">
            <failure message="Failed to load url cloudflare:test (resolved id: cloudflare:test) in /Users/kevingeng/code/matchamap/backend/src/routes/__tests__/reviews.test.ts. Does the file exist?" type="Error">
Error: Failed to load url cloudflare:test (resolved id: cloudflare:test) in /Users/kevingeng/code/matchamap/backend/src/routes/__tests__/reviews.test.ts. Does the file exist?
 ❯ loadAndTransform node_modules/vite/dist/node/chunks/dep-D_zLpgQd.js:51968:17
            </failure>
        </testcase>
    </testsuite>
    <testsuite name="backend/src/utils/__tests__/imageProcessing.test.ts" timestamp="2025-10-15T05:17:58.698Z" hostname="Kevins-MacBook-Pro.local" tests="18" failures="10" errors="0" skipped="0" time="0.011">
        <testcase classname="backend/src/utils/__tests__/imageProcessing.test.ts" name="Image Processing Utils &gt; validateImage &gt; should validate JPEG images" time="0.002">
            <failure message="Cannot set property size of #&lt;Blob&gt; which has only a getter" type="TypeError">
TypeError: Cannot set property size of #&lt;Blob&gt; which has only a getter
 ❯ backend/src/utils/__tests__/imageProcessing.test.ts:15:12
            </failure>
        </testcase>
        <testcase classname="backend/src/utils/__tests__/imageProcessing.test.ts" name="Image Processing Utils &gt; validateImage &gt; should validate PNG images" time="0.001">
            <failure message="Cannot set property size of #&lt;Blob&gt; which has only a getter" type="TypeError">
TypeError: Cannot set property size of #&lt;Blob&gt; which has only a getter
 ❯ backend/src/utils/__tests__/imageProcessing.test.ts:26:12
            </failure>
        </testcase>
        <testcase classname="backend/src/utils/__tests__/imageProcessing.test.ts" name="Image Processing Utils &gt; validateImage &gt; should validate WebP images" time="0">
            <failure message="Cannot set property size of #&lt;Blob&gt; which has only a getter" type="TypeError">
TypeError: Cannot set property size of #&lt;Blob&gt; which has only a getter
 ❯ backend/src/utils/__tests__/imageProcessing.test.ts:37:12
            </failure>
        </testcase>
        <testcase classname="backend/src/utils/__tests__/imageProcessing.test.ts" name="Image Processing Utils &gt; validateImage &gt; should reject unsupported file types" time="0">
            <failure message="Cannot set property size of #&lt;Blob&gt; which has only a getter" type="TypeError">
TypeError: Cannot set property size of #&lt;Blob&gt; which has only a getter
 ❯ backend/src/utils/__tests__/imageProcessing.test.ts:48:12
            </failure>
        </testcase>
        <testcase classname="backend/src/utils/__tests__/imageProcessing.test.ts" name="Image Processing Utils &gt; validateImage &gt; should reject files that are too large" time="0">
            <failure message="Cannot set property size of #&lt;Blob&gt; which has only a getter" type="TypeError">
TypeError: Cannot set property size of #&lt;Blob&gt; which has only a getter
 ❯ backend/src/utils/__tests__/imageProcessing.test.ts:58:12
            </failure>
        </testcase>
        <testcase classname="backend/src/utils/__tests__/imageProcessing.test.ts" name="Image Processing Utils &gt; validateImage &gt; should reject empty files" time="0.001">
            <failure message="Cannot set property size of #&lt;Blob&gt; which has only a getter" type="TypeError">
TypeError: Cannot set property size of #&lt;Blob&gt; which has only a getter
 ❯ backend/src/utils/__tests__/imageProcessing.test.ts:68:12
            </failure>
        </testcase>
        <testcase classname="backend/src/utils/__tests__/imageProcessing.test.ts" name="Image Processing Utils &gt; generateImageKey &gt; should generate unique keys for different inputs" time="0.001">
            <failure message="expected &apos;photos/1/123/1760505477910-396lw3jlqf…&apos; to contain &apos;cafe-1&apos;" type="AssertionError">
AssertionError: expected &apos;photos/1/123/1760505477910-396lw3jlqf…&apos; to contain &apos;cafe-1&apos;

- Expected
+ Received

- cafe-1
+ photos/1/123/1760505477910-396lw3jlqft..jpg

 ❯ backend/src/utils/__tests__/imageProcessing.test.ts:88:20
            </failure>
        </testcase>
        <testcase classname="backend/src/utils/__tests__/imageProcessing.test.ts" name="Image Processing Utils &gt; generateImageKey &gt; should handle different file extensions" time="0">
        </testcase>
        <testcase classname="backend/src/utils/__tests__/imageProcessing.test.ts" name="Image Processing Utils &gt; generateThumbnailKey &gt; should generate unique thumbnail keys" time="0">
            <failure message="expected &apos;thumbnails/1/123/1760505477912-3mp4md…&apos; to contain &apos;cafe-1&apos;" type="AssertionError">
AssertionError: expected &apos;thumbnails/1/123/1760505477912-3mp4md…&apos; to contain &apos;cafe-1&apos;

- Expected
+ Received

- cafe-1
+ thumbnails/1/123/1760505477912-3mp4md9u81r.webp

 ❯ backend/src/utils/__tests__/imageProcessing.test.ts:115:20
            </failure>
        </testcase>
        <testcase classname="backend/src/utils/__tests__/imageProcessing.test.ts" name="Image Processing Utils &gt; getFileExtension &gt; should return correct extensions for MIME types" time="0">
            <failure message="expected &apos;jpg&apos; to be &apos;.jpg&apos; // Object.is equality" type="AssertionError">
AssertionError: expected &apos;jpg&apos; to be &apos;.jpg&apos; // Object.is equality

- Expected
+ Received

- .jpg
+ jpg

 ❯ backend/src/utils/__tests__/imageProcessing.test.ts:123:46
            </failure>
        </testcase>
        <testcase classname="backend/src/utils/__tests__/imageProcessing.test.ts" name="Image Processing Utils &gt; getFileExtension &gt; should return default extension for unknown MIME types" time="0.001">
            <failure message="expected &apos;jpg&apos; to be &apos;.jpg&apos; // Object.is equality" type="AssertionError">
AssertionError: expected &apos;jpg&apos; to be &apos;.jpg&apos; // Object.is equality

- Expected
+ Received

- .jpg
+ jpg

 ❯ backend/src/utils/__tests__/imageProcessing.test.ts:129:49
            </failure>
        </testcase>
        <testcase classname="backend/src/utils/__tests__/imageProcessing.test.ts" name="Image Processing Utils &gt; generateThumbnail &gt; should return original buffer as placeholder" time="0.002">
        </testcase>
        <testcase classname="backend/src/utils/__tests__/imageProcessing.test.ts" name="Image Processing Utils &gt; getImageDimensions &gt; should extract JPEG dimensions correctly" time="0">
        </testcase>
        <testcase classname="backend/src/utils/__tests__/imageProcessing.test.ts" name="Image Processing Utils &gt; getImageDimensions &gt; should extract PNG dimensions correctly" time="0">
        </testcase>
        <testcase classname="backend/src/utils/__tests__/imageProcessing.test.ts" name="Image Processing Utils &gt; getImageDimensions &gt; should return null for invalid JPEG" time="0">
        </testcase>
        <testcase classname="backend/src/utils/__tests__/imageProcessing.test.ts" name="Image Processing Utils &gt; getImageDimensions &gt; should return null for invalid PNG" time="0">
        </testcase>
        <testcase classname="backend/src/utils/__tests__/imageProcessing.test.ts" name="Image Processing Utils &gt; getImageDimensions &gt; should return null for unsupported format" time="0">
            <system-err>
Unsupported image type for dimension extraction: image/gif

            </system-err>
        </testcase>
        <testcase classname="backend/src/utils/__tests__/imageProcessing.test.ts" name="Image Processing Utils &gt; getImageDimensions &gt; should handle errors gracefully" time="0.001">
        </testcase>
    </testsuite>
    <testsuite name="frontend/src/components/__tests__/AboutPage.test.tsx" timestamp="2025-10-15T05:17:58.700Z" hostname="Kevins-MacBook-Pro.local" tests="11" failures="11" errors="0" skipped="0" time="0.006">
        <testcase classname="frontend/src/components/__tests__/AboutPage.test.tsx" name="AboutPage &gt; should render page header" time="0.004">
            <failure message="document is not defined" type="ReferenceError">
ReferenceError: document is not defined
 ❯ Proxy.render node_modules/@testing-library/react/dist/pure.js:257:5
 ❯ frontend/src/components/__tests__/AboutPage.test.tsx:7:5
            </failure>
        </testcase>
        <testcase classname="frontend/src/components/__tests__/AboutPage.test.tsx" name="AboutPage &gt; should render hero section" time="0">
            <failure message="document is not defined" type="ReferenceError">
ReferenceError: document is not defined
 ❯ Proxy.render node_modules/@testing-library/react/dist/pure.js:257:5
 ❯ frontend/src/components/__tests__/AboutPage.test.tsx:14:5
            </failure>
        </testcase>
        <testcase classname="frontend/src/components/__tests__/AboutPage.test.tsx" name="AboutPage &gt; should render mission statement section" time="0">
            <failure message="document is not defined" type="ReferenceError">
ReferenceError: document is not defined
 ❯ Proxy.render node_modules/@testing-library/react/dist/pure.js:257:5
 ❯ frontend/src/components/__tests__/AboutPage.test.tsx:22:5
            </failure>
        </testcase>
        <testcase classname="frontend/src/components/__tests__/AboutPage.test.tsx" name="AboutPage &gt; should render rating system section with all rating levels" time="0.001">
            <failure message="document is not defined" type="ReferenceError">
ReferenceError: document is not defined
 ❯ Proxy.render node_modules/@testing-library/react/dist/pure.js:257:5
 ❯ frontend/src/components/__tests__/AboutPage.test.tsx:30:5
            </failure>
        </testcase>
        <testcase classname="frontend/src/components/__tests__/AboutPage.test.tsx" name="AboutPage &gt; should render evaluation criteria section" time="0">
            <failure message="document is not defined" type="ReferenceError">
ReferenceError: document is not defined
 ❯ Proxy.render node_modules/@testing-library/react/dist/pure.js:257:5
 ❯ frontend/src/components/__tests__/AboutPage.test.tsx:48:5
            </failure>
        </testcase>
        <testcase classname="frontend/src/components/__tests__/AboutPage.test.tsx" name="AboutPage &gt; should render reviewer information" time="0">
            <failure message="document is not defined" type="ReferenceError">
ReferenceError: document is not defined
 ❯ Proxy.render node_modules/@testing-library/react/dist/pure.js:257:5
 ❯ frontend/src/components/__tests__/AboutPage.test.tsx:58:5
            </failure>
        </testcase>
        <testcase classname="frontend/src/components/__tests__/AboutPage.test.tsx" name="AboutPage &gt; should render coverage area section" time="0">
            <failure message="document is not defined" type="ReferenceError">
ReferenceError: document is not defined
 ❯ Proxy.render node_modules/@testing-library/react/dist/pure.js:257:5
 ❯ frontend/src/components/__tests__/AboutPage.test.tsx:67:5
            </failure>
        </testcase>
        <testcase classname="frontend/src/components/__tests__/AboutPage.test.tsx" name="AboutPage &gt; should render social media links" time="0">
            <failure message="document is not defined" type="ReferenceError">
ReferenceError: document is not defined
 ❯ Proxy.render node_modules/@testing-library/react/dist/pure.js:257:5
 ❯ frontend/src/components/__tests__/AboutPage.test.tsx:75:5
            </failure>
        </testcase>
        <testcase classname="frontend/src/components/__tests__/AboutPage.test.tsx" name="AboutPage &gt; should have proper heading structure for accessibility" time="0.001">
            <failure message="document is not defined" type="ReferenceError">
ReferenceError: document is not defined
 ❯ Proxy.render node_modules/@testing-library/react/dist/pure.js:257:5
 ❯ frontend/src/components/__tests__/AboutPage.test.tsx:89:5
            </failure>
        </testcase>
        <testcase classname="frontend/src/components/__tests__/AboutPage.test.tsx" name="AboutPage &gt; should apply correct styling classes for visual hierarchy" time="0">
            <failure message="document is not defined" type="ReferenceError">
ReferenceError: document is not defined
 ❯ Proxy.render node_modules/@testing-library/react/dist/pure.js:257:5
 ❯ frontend/src/components/__tests__/AboutPage.test.tsx:98:27
            </failure>
        </testcase>
        <testcase classname="frontend/src/components/__tests__/AboutPage.test.tsx" name="AboutPage &gt; should be responsive with proper layout classes" time="0">
            <failure message="document is not defined" type="ReferenceError">
ReferenceError: document is not defined
 ❯ Proxy.render node_modules/@testing-library/react/dist/pure.js:257:5
 ❯ frontend/src/components/__tests__/AboutPage.test.tsx:106:27
            </failure>
        </testcase>
    </testsuite>
    <testsuite name="frontend/src/components/__tests__/AdminPage.test.tsx" timestamp="2025-10-15T05:17:58.703Z" hostname="Kevins-MacBook-Pro.local" tests="10" failures="10" errors="0" skipped="0" time="0.006">
        <testcase classname="frontend/src/components/__tests__/AdminPage.test.tsx" name="AdminPage &gt; should render admin dashboard header" time="0.003">
            <failure message="document is not defined" type="ReferenceError">
ReferenceError: document is not defined
 ❯ Proxy.render node_modules/@testing-library/react/dist/pure.js:257:5
 ❯ renderWithRouter frontend/src/components/__tests__/AdminPage.test.tsx:65:10
 ❯ frontend/src/components/__tests__/AdminPage.test.tsx:78:5
            </failure>
        </testcase>
        <testcase classname="frontend/src/components/__tests__/AdminPage.test.tsx" name="AdminPage &gt; should show loading state initially" time="0">
            <failure message="document is not defined" type="ReferenceError">
ReferenceError: document is not defined
 ❯ Proxy.render node_modules/@testing-library/react/dist/pure.js:257:5
 ❯ renderWithRouter frontend/src/components/__tests__/AdminPage.test.tsx:65:10
 ❯ frontend/src/components/__tests__/AdminPage.test.tsx:86:5
            </failure>
        </testcase>
        <testcase classname="frontend/src/components/__tests__/AdminPage.test.tsx" name="AdminPage &gt; should display users after loading" time="0">
            <failure message="document is not defined" type="ReferenceError">
ReferenceError: document is not defined
 ❯ Proxy.render node_modules/@testing-library/react/dist/pure.js:257:5
 ❯ renderWithRouter frontend/src/components/__tests__/AdminPage.test.tsx:65:10
 ❯ frontend/src/components/__tests__/AdminPage.test.tsx:92:5
            </failure>
        </testcase>
        <testcase classname="frontend/src/components/__tests__/AdminPage.test.tsx" name="AdminPage &gt; should display system statistics" time="0.001">
            <failure message="document is not defined" type="ReferenceError">
ReferenceError: document is not defined
 ❯ Proxy.render node_modules/@testing-library/react/dist/pure.js:257:5
 ❯ renderWithRouter frontend/src/components/__tests__/AdminPage.test.tsx:65:10
 ❯ frontend/src/components/__tests__/AdminPage.test.tsx:100:5
            </failure>
        </testcase>
        <testcase classname="frontend/src/components/__tests__/AdminPage.test.tsx" name="AdminPage &gt; should have user management controls" time="0">
            <failure message="document is not defined" type="ReferenceError">
ReferenceError: document is not defined
 ❯ Proxy.render node_modules/@testing-library/react/dist/pure.js:257:5
 ❯ renderWithRouter frontend/src/components/__tests__/AdminPage.test.tsx:65:10
 ❯ frontend/src/components/__tests__/AdminPage.test.tsx:108:5
            </failure>
        </testcase>
        <testcase classname="frontend/src/components/__tests__/AdminPage.test.tsx" name="AdminPage &gt; should handle user actions" time="0">
            <failure message="Cannot read properties of undefined (reading &apos;Symbol(Node prepared with document state workarounds)&apos;)" type="TypeError">
TypeError: Cannot read properties of undefined (reading &apos;Symbol(Node prepared with document state workarounds)&apos;)
 ❯ prepareDocument node_modules/@testing-library/user-event/dist/esm/document/prepareDocument.js:10:17
 ❯ Object.setupMain [as setup] node_modules/@testing-library/user-event/dist/esm/setup/setup.js:52:5
 ❯ frontend/src/components/__tests__/AdminPage.test.tsx:122:28
            </failure>
        </testcase>
        <testcase classname="frontend/src/components/__tests__/AdminPage.test.tsx" name="AdminPage &gt; should be accessible with proper heading structure" time="0">
            <failure message="document is not defined" type="ReferenceError">
ReferenceError: document is not defined
 ❯ Proxy.render node_modules/@testing-library/react/dist/pure.js:257:5
 ❯ renderWithRouter frontend/src/components/__tests__/AdminPage.test.tsx:65:10
 ❯ frontend/src/components/__tests__/AdminPage.test.tsx:142:5
            </failure>
        </testcase>
        <testcase classname="frontend/src/components/__tests__/AdminPage.test.tsx" name="AdminPage &gt; should display different user roles correctly" time="0.001">
            <failure message="document is not defined" type="ReferenceError">
ReferenceError: document is not defined
 ❯ Proxy.render node_modules/@testing-library/react/dist/pure.js:257:5
 ❯ renderWithRouter frontend/src/components/__tests__/AdminPage.test.tsx:65:10
 ❯ frontend/src/components/__tests__/AdminPage.test.tsx:150:5
            </failure>
        </testcase>
        <testcase classname="frontend/src/components/__tests__/AdminPage.test.tsx" name="AdminPage &gt; should handle empty user list gracefully" time="0">
            <failure message="document is not defined" type="ReferenceError">
ReferenceError: document is not defined
 ❯ Proxy.render node_modules/@testing-library/react/dist/pure.js:257:5
 ❯ renderWithRouter frontend/src/components/__tests__/AdminPage.test.tsx:65:10
 ❯ frontend/src/components/__tests__/AdminPage.test.tsx:159:5
            </failure>
        </testcase>
        <testcase classname="frontend/src/components/__tests__/AdminPage.test.tsx" name="AdminPage &gt; should have proper admin layout structure" time="0">
            <failure message="document is not defined" type="ReferenceError">
ReferenceError: document is not defined
 ❯ Proxy.render node_modules/@testing-library/react/dist/pure.js:257:5
 ❯ renderWithRouter frontend/src/components/__tests__/AdminPage.test.tsx:65:10
 ❯ frontend/src/components/__tests__/AdminPage.test.tsx:165:27
            </failure>
        </testcase>
    </testsuite>
    <testsuite name="frontend/src/components/__tests__/AdminWrapper.test.tsx" timestamp="2025-10-15T05:17:58.705Z" hostname="Kevins-MacBook-Pro.local" tests="11" failures="11" errors="0" skipped="0" time="0.006">
        <testcase classname="frontend/src/components/__tests__/AdminWrapper.test.tsx" name="AdminWrapper &gt; should render children without banner when not in dev mode and not authenticated" time="0.003">
            <failure message="document is not defined" type="ReferenceError">
ReferenceError: document is not defined
 ❯ Proxy.render node_modules/@testing-library/react/dist/pure.js:257:5
 ❯ renderWithRouter frontend/src/components/__tests__/AdminWrapper.test.tsx:57:10
 ❯ frontend/src/components/__tests__/AdminWrapper.test.tsx:79:5
            </failure>
        </testcase>
        <testcase classname="frontend/src/components/__tests__/AdminWrapper.test.tsx" name="AdminWrapper &gt; should show admin banner when in dev mode with admin mode active" time="0">
            <failure message="document is not defined" type="ReferenceError">
ReferenceError: document is not defined
 ❯ Proxy.render node_modules/@testing-library/react/dist/pure.js:257:5
 ❯ renderWithRouter frontend/src/components/__tests__/AdminWrapper.test.tsx:57:10
 ❯ frontend/src/components/__tests__/AdminWrapper.test.tsx:93:5
            </failure>
        </testcase>
        <testcase classname="frontend/src/components/__tests__/AdminWrapper.test.tsx" name="AdminWrapper &gt; should show admin banner when authenticated as admin" time="0.001">
            <failure message="document is not defined" type="ReferenceError">
ReferenceError: document is not defined
 ❯ Proxy.render node_modules/@testing-library/react/dist/pure.js:257:5
 ❯ renderWithRouter frontend/src/components/__tests__/AdminWrapper.test.tsx:57:10
 ❯ frontend/src/components/__tests__/AdminWrapper.test.tsx:112:5
            </failure>
        </testcase>
        <testcase classname="frontend/src/components/__tests__/AdminWrapper.test.tsx" name="AdminWrapper &gt; should show logout button for authenticated admin" time="0">
            <failure message="document is not defined" type="ReferenceError">
ReferenceError: document is not defined
 ❯ Proxy.render node_modules/@testing-library/react/dist/pure.js:257:5
 ❯ renderWithRouter frontend/src/components/__tests__/AdminWrapper.test.tsx:57:10
 ❯ frontend/src/components/__tests__/AdminWrapper.test.tsx:132:5
            </failure>
        </testcase>
        <testcase classname="frontend/src/components/__tests__/AdminWrapper.test.tsx" name="AdminWrapper &gt; should handle logout click" time="0">
            <failure message="Cannot read properties of undefined (reading &apos;Symbol(Node prepared with document state workarounds)&apos;)" type="TypeError">
TypeError: Cannot read properties of undefined (reading &apos;Symbol(Node prepared with document state workarounds)&apos;)
 ❯ prepareDocument node_modules/@testing-library/user-event/dist/esm/document/prepareDocument.js:10:17
 ❯ Object.setupMain [as setup] node_modules/@testing-library/user-event/dist/esm/setup/setup.js:52:5
 ❯ frontend/src/components/__tests__/AdminWrapper.test.tsx:142:28
            </failure>
        </testcase>
        <testcase classname="frontend/src/components/__tests__/AdminWrapper.test.tsx" name="AdminWrapper &gt; should show admin panel button" time="0.001">
            <failure message="document is not defined" type="ReferenceError">
ReferenceError: document is not defined
 ❯ Proxy.render node_modules/@testing-library/react/dist/pure.js:257:5
 ❯ renderWithRouter frontend/src/components/__tests__/AdminWrapper.test.tsx:57:10
 ❯ frontend/src/components/__tests__/AdminWrapper.test.tsx:168:5
            </failure>
        </testcase>
        <testcase classname="frontend/src/components/__tests__/AdminWrapper.test.tsx" name="AdminWrapper &gt; should navigate to admin when admin panel button clicked" time="0">
            <failure message="Cannot read properties of undefined (reading &apos;Symbol(Node prepared with document state workarounds)&apos;)" type="TypeError">
TypeError: Cannot read properties of undefined (reading &apos;Symbol(Node prepared with document state workarounds)&apos;)
 ❯ prepareDocument node_modules/@testing-library/user-event/dist/esm/document/prepareDocument.js:10:17
 ❯ Object.setupMain [as setup] node_modules/@testing-library/user-event/dist/esm/setup/setup.js:52:5
 ❯ frontend/src/components/__tests__/AdminWrapper.test.tsx:178:28
            </failure>
        </testcase>
        <testcase classname="frontend/src/components/__tests__/AdminWrapper.test.tsx" name="AdminWrapper &gt; should show switch to dev button in prod mode" time="0">
            <failure message="document is not defined" type="ReferenceError">
ReferenceError: document is not defined
 ❯ Proxy.render node_modules/@testing-library/react/dist/pure.js:257:5
 ❯ renderWithRouter frontend/src/components/__tests__/AdminWrapper.test.tsx:57:10
 ❯ frontend/src/components/__tests__/AdminWrapper.test.tsx:201:5
            </failure>
        </testcase>
        <testcase classname="frontend/src/components/__tests__/AdminWrapper.test.tsx" name="AdminWrapper &gt; should switch to dev mode when button clicked" time="0">
            <failure message="Cannot read properties of undefined (reading &apos;Symbol(Node prepared with document state workarounds)&apos;)" type="TypeError">
TypeError: Cannot read properties of undefined (reading &apos;Symbol(Node prepared with document state workarounds)&apos;)
 ❯ prepareDocument node_modules/@testing-library/user-event/dist/esm/document/prepareDocument.js:10:17
 ❯ Object.setupMain [as setup] node_modules/@testing-library/user-event/dist/esm/setup/setup.js:52:5
 ❯ frontend/src/components/__tests__/AdminWrapper.test.tsx:211:28
            </failure>
        </testcase>
        <testcase classname="frontend/src/components/__tests__/AdminWrapper.test.tsx" name="AdminWrapper &gt; should show feature override count" time="0">
            <failure message="document is not defined" type="ReferenceError">
ReferenceError: document is not defined
 ❯ Proxy.render node_modules/@testing-library/react/dist/pure.js:257:5
 ❯ renderWithRouter frontend/src/components/__tests__/AdminWrapper.test.tsx:57:10
 ❯ frontend/src/components/__tests__/AdminWrapper.test.tsx:237:5
            </failure>
        </testcase>
        <testcase classname="frontend/src/components/__tests__/AdminWrapper.test.tsx" name="AdminWrapper &gt; should render children when banner is shown" time="0.001">
            <failure message="document is not defined" type="ReferenceError">
ReferenceError: document is not defined
 ❯ Proxy.render node_modules/@testing-library/react/dist/pure.js:257:5
 ❯ renderWithRouter frontend/src/components/__tests__/AdminWrapper.test.tsx:57:10
 ❯ frontend/src/components/__tests__/AdminWrapper.test.tsx:250:5
            </failure>
        </testcase>
    </testsuite>
    <testsuite name="frontend/src/components/__tests__/App.test.tsx" timestamp="2025-10-15T05:17:58.707Z" hostname="Kevins-MacBook-Pro.local" tests="1" failures="1" errors="0" skipped="0" time="0">
        <testcase classname="frontend/src/components/__tests__/App.test.tsx" name="frontend/src/components/__tests__/App.test.tsx" time="0">
            <failure message="Failed to parse source for import analysis because the content contains invalid JS syntax. You may need to install appropriate plugins to handle the .yaml file format, or if it&apos;s an asset, add &quot;**/*.yaml&quot; to `assetsInclude` in your configuration." type="Error">
Error: Failed to parse source for import analysis because the content contains invalid JS syntax. You may need to install appropriate plugins to handle the .yaml file format, or if it&apos;s an asset, add &quot;**/*.yaml&quot; to `assetsInclude` in your configuration.
 ❯ TransformPluginContext._formatError node_modules/vite/dist/node/chunks/dep-D_zLpgQd.js:49258:41
 ❯ TransformPluginContext.error node_modules/vite/dist/node/chunks/dep-D_zLpgQd.js:49253:16
 ❯ TransformPluginContext.transform node_modules/vite/dist/node/chunks/dep-D_zLpgQd.js:64258:14
 ❯ PluginContainer.transform node_modules/vite/dist/node/chunks/dep-D_zLpgQd.js:49099:18
 ❯ loadAndTransform node_modules/vite/dist/node/chunks/dep-D_zLpgQd.js:51977:27
            </failure>
        </testcase>
    </testsuite>
    <testsuite name="frontend/src/components/__tests__/AppRoutes.test.tsx" timestamp="2025-10-15T05:17:58.708Z" hostname="Kevins-MacBook-Pro.local" tests="16" failures="16" errors="0" skipped="0" time="0.006">
        <testcase classname="frontend/src/components/__tests__/AppRoutes.test.tsx" name="AppRoutes &gt; should render map view on root path" time="0.003">
            <failure message="document is not defined" type="ReferenceError">
ReferenceError: document is not defined
 ❯ Proxy.render node_modules/@testing-library/react/dist/pure.js:257:5
 ❯ frontend/src/components/__tests__/AppRoutes.test.tsx:152:5
            </failure>
        </testcase>
        <testcase classname="frontend/src/components/__tests__/AppRoutes.test.tsx" name="AppRoutes &gt; should render list view on /list path" time="0">
            <failure message="document is not defined" type="ReferenceError">
ReferenceError: document is not defined
 ❯ Proxy.render node_modules/@testing-library/react/dist/pure.js:257:5
 ❯ frontend/src/components/__tests__/AppRoutes.test.tsx:162:5
            </failure>
        </testcase>
        <testcase classname="frontend/src/components/__tests__/AppRoutes.test.tsx" name="AppRoutes &gt; should render detail view on cafe paths" time="0">
            <failure message="document is not defined" type="ReferenceError">
ReferenceError: document is not defined
 ❯ Proxy.render node_modules/@testing-library/react/dist/pure.js:257:5
 ❯ frontend/src/components/__tests__/AppRoutes.test.tsx:172:5
            </failure>
        </testcase>
        <testcase classname="frontend/src/components/__tests__/AppRoutes.test.tsx" name="AppRoutes &gt; should render feed view on /feed path" time="0">
            <failure message="document is not defined" type="ReferenceError">
ReferenceError: document is not defined
 ❯ Proxy.render node_modules/@testing-library/react/dist/pure.js:257:5
 ❯ frontend/src/components/__tests__/AppRoutes.test.tsx:182:5
            </failure>
        </testcase>
        <testcase classname="frontend/src/components/__tests__/AppRoutes.test.tsx" name="AppRoutes &gt; should render passport view on /passport path" time="0.001">
            <failure message="document is not defined" type="ReferenceError">
ReferenceError: document is not defined
 ❯ Proxy.render node_modules/@testing-library/react/dist/pure.js:257:5
 ❯ frontend/src/components/__tests__/AppRoutes.test.tsx:192:5
            </failure>
        </testcase>
        <testcase classname="frontend/src/components/__tests__/AppRoutes.test.tsx" name="AppRoutes &gt; should render events view on /events path" time="0">
            <failure message="document is not defined" type="ReferenceError">
ReferenceError: document is not defined
 ❯ Proxy.render node_modules/@testing-library/react/dist/pure.js:257:5
 ❯ frontend/src/components/__tests__/AppRoutes.test.tsx:202:5
            </failure>
        </testcase>
        <testcase classname="frontend/src/components/__tests__/AppRoutes.test.tsx" name="AppRoutes &gt; should render about page on /about path" time="0">
            <failure message="document is not defined" type="ReferenceError">
ReferenceError: document is not defined
 ❯ Proxy.render node_modules/@testing-library/react/dist/pure.js:257:5
 ❯ frontend/src/components/__tests__/AppRoutes.test.tsx:212:5
            </failure>
        </testcase>
        <testcase classname="frontend/src/components/__tests__/AppRoutes.test.tsx" name="AppRoutes &gt; should render contact page on /contact path" time="0">
            <failure message="document is not defined" type="ReferenceError">
ReferenceError: document is not defined
 ❯ Proxy.render node_modules/@testing-library/react/dist/pure.js:257:5
 ❯ frontend/src/components/__tests__/AppRoutes.test.tsx:222:5
            </failure>
        </testcase>
        <testcase classname="frontend/src/components/__tests__/AppRoutes.test.tsx" name="AppRoutes &gt; should render store page on /store path" time="0">
            <failure message="document is not defined" type="ReferenceError">
ReferenceError: document is not defined
 ❯ Proxy.render node_modules/@testing-library/react/dist/pure.js:257:5
 ❯ frontend/src/components/__tests__/AppRoutes.test.tsx:232:5
            </failure>
        </testcase>
        <testcase classname="frontend/src/components/__tests__/AppRoutes.test.tsx" name="AppRoutes &gt; should render settings page on /settings path when authenticated" time="0.001">
            <failure message="document is not defined" type="ReferenceError">
ReferenceError: document is not defined
 ❯ Proxy.render node_modules/@testing-library/react/dist/pure.js:257:5
 ❯ frontend/src/components/__tests__/AppRoutes.test.tsx:244:5
            </failure>
        </testcase>
        <testcase classname="frontend/src/components/__tests__/AppRoutes.test.tsx" name="AppRoutes &gt; should redirect to login when accessing protected routes without auth" time="0">
            <failure message="document is not defined" type="ReferenceError">
ReferenceError: document is not defined
 ❯ Proxy.render node_modules/@testing-library/react/dist/pure.js:257:5
 ❯ frontend/src/components/__tests__/AppRoutes.test.tsx:254:5
            </failure>
        </testcase>
        <testcase classname="frontend/src/components/__tests__/AppRoutes.test.tsx" name="AppRoutes &gt; should handle 404 routes gracefully" time="0">
            <failure message="document is not defined" type="ReferenceError">
ReferenceError: document is not defined
 ❯ Proxy.render node_modules/@testing-library/react/dist/pure.js:257:5
 ❯ frontend/src/components/__tests__/AppRoutes.test.tsx:266:5
            </failure>
        </testcase>
        <testcase classname="frontend/src/components/__tests__/AppRoutes.test.tsx" name="AppRoutes &gt; should handle dynamic cafe routes with slugs" time="0">
            <failure message="document is not defined" type="ReferenceError">
ReferenceError: document is not defined
 ❯ Proxy.render node_modules/@testing-library/react/dist/pure.js:257:5
 ❯ frontend/src/components/__tests__/AppRoutes.test.tsx:277:5
            </failure>
        </testcase>
        <testcase classname="frontend/src/components/__tests__/AppRoutes.test.tsx" name="AppRoutes &gt; should handle route parameters correctly" time="0">
            <failure message="document is not defined" type="ReferenceError">
ReferenceError: document is not defined
 ❯ Proxy.render node_modules/@testing-library/react/dist/pure.js:257:5
 ❯ frontend/src/components/__tests__/AppRoutes.test.tsx:287:5
            </failure>
        </testcase>
        <testcase classname="frontend/src/components/__tests__/AppRoutes.test.tsx" name="AppRoutes &gt; should handle nested admin routes" time="0">
            <failure message="document is not defined" type="ReferenceError">
ReferenceError: document is not defined
 ❯ Proxy.render node_modules/@testing-library/react/dist/pure.js:257:5
 ❯ frontend/src/components/__tests__/AppRoutes.test.tsx:300:5
            </failure>
        </testcase>
        <testcase classname="frontend/src/components/__tests__/AppRoutes.test.tsx" name="AppRoutes &gt; should lazy load routes for performance" time="0">
            <failure message="document is not defined" type="ReferenceError">
ReferenceError: document is not defined
 ❯ Proxy.render node_modules/@testing-library/react/dist/pure.js:257:5
 ❯ frontend/src/components/__tests__/AppRoutes.test.tsx:314:5
            </failure>
        </testcase>
    </testsuite>
    <testsuite name="frontend/src/components/__tests__/BottomNavigation.test.tsx" timestamp="2025-10-15T05:17:58.711Z" hostname="Kevins-MacBook-Pro.local" tests="23" failures="23" errors="0" skipped="0" time="0.01">
        <testcase classname="frontend/src/components/__tests__/BottomNavigation.test.tsx" name="BottomNavigation &gt; should render all navigation buttons when features are enabled" time="0.004">
            <failure message="document is not defined" type="ReferenceError">
ReferenceError: document is not defined
 ❯ Proxy.render node_modules/@testing-library/react/dist/pure.js:257:5
 ❯ renderWithRouter frontend/src/components/__tests__/BottomNavigation.test.tsx:30:10
 ❯ frontend/src/components/__tests__/BottomNavigation.test.tsx:50:5
            </failure>
        </testcase>
        <testcase classname="frontend/src/components/__tests__/BottomNavigation.test.tsx" name="BottomNavigation &gt; should highlight active map view" time="0">
            <failure message="document is not defined" type="ReferenceError">
ReferenceError: document is not defined
 ❯ Proxy.render node_modules/@testing-library/react/dist/pure.js:257:5
 ❯ renderWithRouter frontend/src/components/__tests__/BottomNavigation.test.tsx:30:10
 ❯ frontend/src/components/__tests__/BottomNavigation.test.tsx:61:5
            </failure>
        </testcase>
        <testcase classname="frontend/src/components/__tests__/BottomNavigation.test.tsx" name="BottomNavigation &gt; should highlight active list view" time="0.001">
            <failure message="document is not defined" type="ReferenceError">
ReferenceError: document is not defined
 ❯ Proxy.render node_modules/@testing-library/react/dist/pure.js:257:5
 ❯ renderWithRouter frontend/src/components/__tests__/BottomNavigation.test.tsx:30:10
 ❯ frontend/src/components/__tests__/BottomNavigation.test.tsx:72:5
            </failure>
        </testcase>
        <testcase classname="frontend/src/components/__tests__/BottomNavigation.test.tsx" name="BottomNavigation &gt; should highlight active feed view" time="0">
            <failure message="document is not defined" type="ReferenceError">
ReferenceError: document is not defined
 ❯ Proxy.render node_modules/@testing-library/react/dist/pure.js:257:5
 ❯ renderWithRouter frontend/src/components/__tests__/BottomNavigation.test.tsx:30:10
 ❯ frontend/src/components/__tests__/BottomNavigation.test.tsx:83:5
            </failure>
        </testcase>
        <testcase classname="frontend/src/components/__tests__/BottomNavigation.test.tsx" name="BottomNavigation &gt; should highlight active events view" time="0">
            <failure message="document is not defined" type="ReferenceError">
ReferenceError: document is not defined
 ❯ Proxy.render node_modules/@testing-library/react/dist/pure.js:257:5
 ❯ renderWithRouter frontend/src/components/__tests__/BottomNavigation.test.tsx:30:10
 ❯ frontend/src/components/__tests__/BottomNavigation.test.tsx:91:5
            </failure>
        </testcase>
        <testcase classname="frontend/src/components/__tests__/BottomNavigation.test.tsx" name="BottomNavigation &gt; should highlight active passport view" time="0">
            <failure message="document is not defined" type="ReferenceError">
ReferenceError: document is not defined
 ❯ Proxy.render node_modules/@testing-library/react/dist/pure.js:257:5
 ❯ renderWithRouter frontend/src/components/__tests__/BottomNavigation.test.tsx:30:10
 ❯ frontend/src/components/__tests__/BottomNavigation.test.tsx:99:5
            </failure>
        </testcase>
        <testcase classname="frontend/src/components/__tests__/BottomNavigation.test.tsx" name="BottomNavigation &gt; should not highlight any button on detail view" time="0.001">
            <failure message="document is not defined" type="ReferenceError">
ReferenceError: document is not defined
 ❯ Proxy.render node_modules/@testing-library/react/dist/pure.js:257:5
 ❯ renderWithRouter frontend/src/components/__tests__/BottomNavigation.test.tsx:30:10
 ❯ frontend/src/components/__tests__/BottomNavigation.test.tsx:107:5
            </failure>
        </testcase>
        <testcase classname="frontend/src/components/__tests__/BottomNavigation.test.tsx" name="BottomNavigation &gt; should navigate to map when clicking map button" time="0">
            <failure message="Cannot read properties of undefined (reading &apos;Symbol(Node prepared with document state workarounds)&apos;)" type="TypeError">
TypeError: Cannot read properties of undefined (reading &apos;Symbol(Node prepared with document state workarounds)&apos;)
 ❯ prepareDocument node_modules/@testing-library/user-event/dist/esm/document/prepareDocument.js:10:17
 ❯ Object.setupMain [as setup] node_modules/@testing-library/user-event/dist/esm/setup/setup.js:52:5
 ❯ frontend/src/components/__tests__/BottomNavigation.test.tsx:117:28
            </failure>
        </testcase>
        <testcase classname="frontend/src/components/__tests__/BottomNavigation.test.tsx" name="BottomNavigation &gt; should navigate to list when clicking list button" time="0">
            <failure message="Cannot read properties of undefined (reading &apos;Symbol(Node prepared with document state workarounds)&apos;)" type="TypeError">
TypeError: Cannot read properties of undefined (reading &apos;Symbol(Node prepared with document state workarounds)&apos;)
 ❯ prepareDocument node_modules/@testing-library/user-event/dist/esm/document/prepareDocument.js:10:17
 ❯ Object.setupMain [as setup] node_modules/@testing-library/user-event/dist/esm/setup/setup.js:52:5
 ❯ frontend/src/components/__tests__/BottomNavigation.test.tsx:127:28
            </failure>
        </testcase>
        <testcase classname="frontend/src/components/__tests__/BottomNavigation.test.tsx" name="BottomNavigation &gt; should navigate to feed when clicking feed button" time="0">
            <failure message="Cannot read properties of undefined (reading &apos;Symbol(Node prepared with document state workarounds)&apos;)" type="TypeError">
TypeError: Cannot read properties of undefined (reading &apos;Symbol(Node prepared with document state workarounds)&apos;)
 ❯ prepareDocument node_modules/@testing-library/user-event/dist/esm/document/prepareDocument.js:10:17
 ❯ Object.setupMain [as setup] node_modules/@testing-library/user-event/dist/esm/setup/setup.js:52:5
 ❯ frontend/src/components/__tests__/BottomNavigation.test.tsx:137:28
            </failure>
        </testcase>
        <testcase classname="frontend/src/components/__tests__/BottomNavigation.test.tsx" name="BottomNavigation &gt; should navigate to events when clicking events button" time="0.001">
            <failure message="Cannot read properties of undefined (reading &apos;Symbol(Node prepared with document state workarounds)&apos;)" type="TypeError">
TypeError: Cannot read properties of undefined (reading &apos;Symbol(Node prepared with document state workarounds)&apos;)
 ❯ prepareDocument node_modules/@testing-library/user-event/dist/esm/document/prepareDocument.js:10:17
 ❯ Object.setupMain [as setup] node_modules/@testing-library/user-event/dist/esm/setup/setup.js:52:5
 ❯ frontend/src/components/__tests__/BottomNavigation.test.tsx:147:28
            </failure>
        </testcase>
        <testcase classname="frontend/src/components/__tests__/BottomNavigation.test.tsx" name="BottomNavigation &gt; should navigate to passport when clicking passport button" time="0">
            <failure message="Cannot read properties of undefined (reading &apos;Symbol(Node prepared with document state workarounds)&apos;)" type="TypeError">
TypeError: Cannot read properties of undefined (reading &apos;Symbol(Node prepared with document state workarounds)&apos;)
 ❯ prepareDocument node_modules/@testing-library/user-event/dist/esm/document/prepareDocument.js:10:17
 ❯ Object.setupMain [as setup] node_modules/@testing-library/user-event/dist/esm/setup/setup.js:52:5
 ❯ frontend/src/components/__tests__/BottomNavigation.test.tsx:157:28
            </failure>
        </testcase>
        <testcase classname="frontend/src/components/__tests__/BottomNavigation.test.tsx" name="BottomNavigation &gt; should not render feed button when feed is disabled" time="0">
            <failure message="document is not defined" type="ReferenceError">
ReferenceError: document is not defined
 ❯ Proxy.render node_modules/@testing-library/react/dist/pure.js:257:5
 ❯ renderWithRouter frontend/src/components/__tests__/BottomNavigation.test.tsx:30:10
 ❯ frontend/src/components/__tests__/BottomNavigation.test.tsx:173:5
            </failure>
        </testcase>
        <testcase classname="frontend/src/components/__tests__/BottomNavigation.test.tsx" name="BottomNavigation &gt; should not render events button when events is disabled" time="0">
            <failure message="document is not defined" type="ReferenceError">
ReferenceError: document is not defined
 ❯ Proxy.render node_modules/@testing-library/react/dist/pure.js:257:5
 ❯ renderWithRouter frontend/src/components/__tests__/BottomNavigation.test.tsx:30:10
 ❯ frontend/src/components/__tests__/BottomNavigation.test.tsx:189:5
            </failure>
        </testcase>
        <testcase classname="frontend/src/components/__tests__/BottomNavigation.test.tsx" name="BottomNavigation &gt; should not render passport button when passport is disabled" time="0">
            <failure message="document is not defined" type="ReferenceError">
ReferenceError: document is not defined
 ❯ Proxy.render node_modules/@testing-library/react/dist/pure.js:257:5
 ❯ renderWithRouter frontend/src/components/__tests__/BottomNavigation.test.tsx:30:10
 ❯ frontend/src/components/__tests__/BottomNavigation.test.tsx:205:5
            </failure>
        </testcase>
        <testcase classname="frontend/src/components/__tests__/BottomNavigation.test.tsx" name="BottomNavigation &gt; should render only map and list when all optional features are disabled" time="0">
            <failure message="document is not defined" type="ReferenceError">
ReferenceError: document is not defined
 ❯ Proxy.render node_modules/@testing-library/react/dist/pure.js:257:5
 ❯ renderWithRouter frontend/src/components/__tests__/BottomNavigation.test.tsx:30:10
 ❯ frontend/src/components/__tests__/BottomNavigation.test.tsx:221:5
            </failure>
        </testcase>
        <testcase classname="frontend/src/components/__tests__/BottomNavigation.test.tsx" name="BottomNavigation &gt; should apply different stroke width for active vs inactive buttons" time="0">
            <failure message="document is not defined" type="ReferenceError">
ReferenceError: document is not defined
 ❯ Proxy.render node_modules/@testing-library/react/dist/pure.js:257:5
 ❯ renderWithRouter frontend/src/components/__tests__/BottomNavigation.test.tsx:30:10
 ❯ frontend/src/components/__tests__/BottomNavigation.test.tsx:232:5
            </failure>
        </testcase>
        <testcase classname="frontend/src/components/__tests__/BottomNavigation.test.tsx" name="BottomNavigation &gt; should apply font weight correctly for active vs inactive text" time="0">
            <failure message="document is not defined" type="ReferenceError">
ReferenceError: document is not defined
 ❯ Proxy.render node_modules/@testing-library/react/dist/pure.js:257:5
 ❯ renderWithRouter frontend/src/components/__tests__/BottomNavigation.test.tsx:30:10
 ❯ frontend/src/components/__tests__/BottomNavigation.test.tsx:245:5
            </failure>
        </testcase>
        <testcase classname="frontend/src/components/__tests__/BottomNavigation.test.tsx" name="BottomNavigation &gt; should adjust padding for admin banner in dev environment" time="0.001">
            <failure message="document is not defined" type="ReferenceError">
ReferenceError: document is not defined
 ❯ Proxy.render node_modules/@testing-library/react/dist/pure.js:257:5
 ❯ renderWithRouter frontend/src/components/__tests__/BottomNavigation.test.tsx:30:10
 ❯ frontend/src/components/__tests__/BottomNavigation.test.tsx:256:27
            </failure>
        </testcase>
        <testcase classname="frontend/src/components/__tests__/BottomNavigation.test.tsx" name="BottomNavigation &gt; should use normal padding in production environment" time="0.002">
            <failure message="document is not defined" type="ReferenceError">
ReferenceError: document is not defined
 ❯ Proxy.render node_modules/@testing-library/react/dist/pure.js:257:5
 ❯ renderWithRouter frontend/src/components/__tests__/BottomNavigation.test.tsx:30:10
 ❯ frontend/src/components/__tests__/BottomNavigation.test.tsx:266:27
            </failure>
        </testcase>
        <testcase classname="frontend/src/components/__tests__/BottomNavigation.test.tsx" name="BottomNavigation &gt; should be accessible with proper button roles" time="0">
            <failure message="document is not defined" type="ReferenceError">
ReferenceError: document is not defined
 ❯ Proxy.render node_modules/@testing-library/react/dist/pure.js:257:5
 ❯ renderWithRouter frontend/src/components/__tests__/BottomNavigation.test.tsx:30:10
 ❯ frontend/src/components/__tests__/BottomNavigation.test.tsx:275:5
            </failure>
        </testcase>
        <testcase classname="frontend/src/components/__tests__/BottomNavigation.test.tsx" name="BottomNavigation &gt; should handle unknown pathname gracefully" time="0">
            <failure message="document is not defined" type="ReferenceError">
ReferenceError: document is not defined
 ❯ Proxy.render node_modules/@testing-library/react/dist/pure.js:257:5
 ❯ renderWithRouter frontend/src/components/__tests__/BottomNavigation.test.tsx:30:10
 ❯ frontend/src/components/__tests__/BottomNavigation.test.tsx:287:5
            </failure>
        </testcase>
        <testcase classname="frontend/src/components/__tests__/BottomNavigation.test.tsx" name="BottomNavigation &gt; should determine current view correctly from various paths" time="0">
            <failure message="document is not defined" type="ReferenceError">
ReferenceError: document is not defined
 ❯ Proxy.render node_modules/@testing-library/react/dist/pure.js:257:5
 ❯ renderWithRouter frontend/src/components/__tests__/BottomNavigation.test.tsx:30:10
 ❯ frontend/src/components/__tests__/BottomNavigation.test.tsx:310:27
 ❯ frontend/src/components/__tests__/BottomNavigation.test.tsx:308:15
            </failure>
        </testcase>
    </testsuite>
    <testsuite name="frontend/src/components/__tests__/CitySelector.test.tsx" timestamp="2025-10-15T05:17:58.715Z" hostname="Kevins-MacBook-Pro.local" tests="6" failures="6" errors="0" skipped="0" time="0.005">
        <testcase classname="frontend/src/components/__tests__/CitySelector.test.tsx" name="CitySelector &gt; should render current city" time="0.002">
            <failure message="document is not defined" type="ReferenceError">
ReferenceError: document is not defined
 ❯ Proxy.render node_modules/@testing-library/react/dist/pure.js:257:5
 ❯ frontend/src/components/__tests__/CitySelector.test.tsx:40:5
            </failure>
        </testcase>
        <testcase classname="frontend/src/components/__tests__/CitySelector.test.tsx" name="CitySelector &gt; should show dropdown when clicked" time="0.001">
            <failure message="Cannot read properties of undefined (reading &apos;Symbol(Node prepared with document state workarounds)&apos;)" type="TypeError">
TypeError: Cannot read properties of undefined (reading &apos;Symbol(Node prepared with document state workarounds)&apos;)
 ❯ prepareDocument node_modules/@testing-library/user-event/dist/esm/document/prepareDocument.js:10:17
 ❯ Object.setupMain [as setup] node_modules/@testing-library/user-event/dist/esm/setup/setup.js:52:5
 ❯ frontend/src/components/__tests__/CitySelector.test.tsx:48:28
            </failure>
        </testcase>
        <testcase classname="frontend/src/components/__tests__/CitySelector.test.tsx" name="CitySelector &gt; should handle city selection" time="0">
            <failure message="Cannot read properties of undefined (reading &apos;Symbol(Node prepared with document state workarounds)&apos;)" type="TypeError">
TypeError: Cannot read properties of undefined (reading &apos;Symbol(Node prepared with document state workarounds)&apos;)
 ❯ prepareDocument node_modules/@testing-library/user-event/dist/esm/document/prepareDocument.js:10:17
 ❯ Object.setupMain [as setup] node_modules/@testing-library/user-event/dist/esm/setup/setup.js:52:5
 ❯ frontend/src/components/__tests__/CitySelector.test.tsx:61:28
            </failure>
        </testcase>
        <testcase classname="frontend/src/components/__tests__/CitySelector.test.tsx" name="CitySelector &gt; should close dropdown when clicking outside" time="0">
            <failure message="Cannot read properties of undefined (reading &apos;Symbol(Node prepared with document state workarounds)&apos;)" type="TypeError">
TypeError: Cannot read properties of undefined (reading &apos;Symbol(Node prepared with document state workarounds)&apos;)
 ❯ prepareDocument node_modules/@testing-library/user-event/dist/esm/document/prepareDocument.js:10:17
 ❯ Object.setupMain [as setup] node_modules/@testing-library/user-event/dist/esm/setup/setup.js:52:5
 ❯ frontend/src/components/__tests__/CitySelector.test.tsx:71:28
            </failure>
        </testcase>
        <testcase classname="frontend/src/components/__tests__/CitySelector.test.tsx" name="CitySelector &gt; should be accessible with proper ARIA attributes" time="0.001">
            <failure message="document is not defined" type="ReferenceError">
ReferenceError: document is not defined
 ❯ Proxy.render node_modules/@testing-library/react/dist/pure.js:257:5
 ❯ frontend/src/components/__tests__/CitySelector.test.tsx:81:5
            </failure>
        </testcase>
        <testcase classname="frontend/src/components/__tests__/CitySelector.test.tsx" name="CitySelector &gt; should handle keyboard navigation" time="0">
[...]
            <failure message="document is not defined" type="ReferenceError">
ReferenceError: document is not defined
 ❯ Proxy.render node_modules/@testing-library/react/dist/pure.js:257:5
 ❯ frontend/src/components/ui/__tests__/Skeleton.test.tsx:19:5
            </failure>
        </testcase>
        <testcase classname="frontend/src/components/ui/__tests__/Skeleton.test.tsx" name="Skeleton &gt; should render rectangular variant" time="0">
            <failure message="document is not defined" type="ReferenceError">
ReferenceError: document is not defined
 ❯ Proxy.render node_modules/@testing-library/react/dist/pure.js:257:5
 ❯ frontend/src/components/ui/__tests__/Skeleton.test.tsx:25:5
            </failure>
        </testcase>
        <testcase classname="frontend/src/components/ui/__tests__/Skeleton.test.tsx" name="Skeleton &gt; should apply shimmer animation by default" time="0">
            <failure message="document is not defined" type="ReferenceError">
ReferenceError: document is not defined
 ❯ Proxy.render node_modules/@testing-library/react/dist/pure.js:257:5
 ❯ frontend/src/components/ui/__tests__/Skeleton.test.tsx:31:5
            </failure>
        </testcase>
        <testcase classname="frontend/src/components/ui/__tests__/Skeleton.test.tsx" name="Skeleton &gt; should apply pulse animation when specified" time="0">
            <failure message="document is not defined" type="ReferenceError">
ReferenceError: document is not defined
 ❯ Proxy.render node_modules/@testing-library/react/dist/pure.js:257:5
 ❯ frontend/src/components/ui/__tests__/Skeleton.test.tsx:38:5
            </failure>
        </testcase>
        <testcase classname="frontend/src/components/ui/__tests__/Skeleton.test.tsx" name="Skeleton &gt; should apply no animation when specified" time="0.001">
            <failure message="document is not defined" type="ReferenceError">
ReferenceError: document is not defined
 ❯ Proxy.render node_modules/@testing-library/react/dist/pure.js:257:5
 ❯ frontend/src/components/ui/__tests__/Skeleton.test.tsx:45:5
            </failure>
        </testcase>
        <testcase classname="frontend/src/components/ui/__tests__/Skeleton.test.tsx" name="Skeleton &gt; should apply custom width as string" time="0">
            <failure message="document is not defined" type="ReferenceError">
ReferenceError: document is not defined
 ❯ Proxy.render node_modules/@testing-library/react/dist/pure.js:257:5
 ❯ frontend/src/components/ui/__tests__/Skeleton.test.tsx:52:5
            </failure>
        </testcase>
        <testcase classname="frontend/src/components/ui/__tests__/Skeleton.test.tsx" name="Skeleton &gt; should apply custom width as number (pixels)" time="0">
            <failure message="document is not defined" type="ReferenceError">
ReferenceError: document is not defined
 ❯ Proxy.render node_modules/@testing-library/react/dist/pure.js:257:5
 ❯ frontend/src/components/ui/__tests__/Skeleton.test.tsx:58:5
            </failure>
        </testcase>
        <testcase classname="frontend/src/components/ui/__tests__/Skeleton.test.tsx" name="Skeleton &gt; should apply custom height as string" time="0">
            <failure message="document is not defined" type="ReferenceError">
ReferenceError: document is not defined
 ❯ Proxy.render node_modules/@testing-library/react/dist/pure.js:257:5
 ❯ frontend/src/components/ui/__tests__/Skeleton.test.tsx:64:5
            </failure>
        </testcase>
        <testcase classname="frontend/src/components/ui/__tests__/Skeleton.test.tsx" name="Skeleton &gt; should apply custom height as number (pixels)" time="0">
            <failure message="document is not defined" type="ReferenceError">
ReferenceError: document is not defined
 ❯ Proxy.render node_modules/@testing-library/react/dist/pure.js:257:5
 ❯ frontend/src/components/ui/__tests__/Skeleton.test.tsx:70:5
            </failure>
        </testcase>
        <testcase classname="frontend/src/components/ui/__tests__/Skeleton.test.tsx" name="Skeleton &gt; should apply both width and height" time="0">
            <failure message="document is not defined" type="ReferenceError">
ReferenceError: document is not defined
 ❯ Proxy.render node_modules/@testing-library/react/dist/pure.js:257:5
 ❯ frontend/src/components/ui/__tests__/Skeleton.test.tsx:76:5
            </failure>
        </testcase>
        <testcase classname="frontend/src/components/ui/__tests__/Skeleton.test.tsx" name="Skeleton &gt; should apply custom className" time="0">
            <failure message="document is not defined" type="ReferenceError">
ReferenceError: document is not defined
 ❯ Proxy.render node_modules/@testing-library/react/dist/pure.js:257:5
 ❯ frontend/src/components/ui/__tests__/Skeleton.test.tsx:82:5
            </failure>
        </testcase>
        <testcase classname="frontend/src/components/ui/__tests__/Skeleton.test.tsx" name="Skeleton &gt; should combine all props correctly" time="0.001">
            <failure message="document is not defined" type="ReferenceError">
ReferenceError: document is not defined
 ❯ Proxy.render node_modules/@testing-library/react/dist/pure.js:257:5
 ❯ frontend/src/components/ui/__tests__/Skeleton.test.tsx:88:5
            </failure>
        </testcase>
        <testcase classname="frontend/src/components/ui/__tests__/Skeleton.test.tsx" name="Skeleton &gt; should have proper background gradient for shimmer animation" time="0">
            <failure message="document is not defined" type="ReferenceError">
ReferenceError: document is not defined
 ❯ Proxy.render node_modules/@testing-library/react/dist/pure.js:257:5
 ❯ frontend/src/components/ui/__tests__/Skeleton.test.tsx:105:5
            </failure>
        </testcase>
        <testcase classname="frontend/src/components/ui/__tests__/Skeleton.test.tsx" name="CafeCardSkeleton &gt; should render cafe card skeleton structure" time="0">
            <failure message="document is not defined" type="ReferenceError">
ReferenceError: document is not defined
 ❯ Proxy.render node_modules/@testing-library/react/dist/pure.js:257:5
 ❯ frontend/src/components/ui/__tests__/Skeleton.test.tsx:113:5
            </failure>
        </testcase>
        <testcase classname="frontend/src/components/ui/__tests__/Skeleton.test.tsx" name="CafeCardSkeleton &gt; should render skeleton elements for cafe card layout" time="0">
            <failure message="document is not defined" type="ReferenceError">
ReferenceError: document is not defined
 ❯ Proxy.render node_modules/@testing-library/react/dist/pure.js:257:5
 ❯ frontend/src/components/ui/__tests__/Skeleton.test.tsx:121:5
            </failure>
        </testcase>
        <testcase classname="frontend/src/components/ui/__tests__/Skeleton.test.tsx" name="CafeCardSkeleton &gt; should have proper flex layout" time="0">
            <failure message="document is not defined" type="ReferenceError">
ReferenceError: document is not defined
 ❯ Proxy.render node_modules/@testing-library/react/dist/pure.js:257:5
 ❯ frontend/src/components/ui/__tests__/Skeleton.test.tsx:129:5
            </failure>
        </testcase>
        <testcase classname="frontend/src/components/ui/__tests__/Skeleton.test.tsx" name="CafeCardSkeleton &gt; should match cafe card visual structure" time="0">
            <failure message="document is not defined" type="ReferenceError">
ReferenceError: document is not defined
 ❯ Proxy.render node_modules/@testing-library/react/dist/pure.js:257:5
 ❯ frontend/src/components/ui/__tests__/Skeleton.test.tsx:136:5
            </failure>
        </testcase>
        <testcase classname="frontend/src/components/ui/__tests__/Skeleton.test.tsx" name="ListSkeleton &gt; should render default number of skeleton cards (5)" time="0">
            <failure message="document is not defined" type="ReferenceError">
ReferenceError: document is not defined
 ❯ Proxy.render node_modules/@testing-library/react/dist/pure.js:257:5
 ❯ frontend/src/components/ui/__tests__/Skeleton.test.tsx:150:5
            </failure>
        </testcase>
        <testcase classname="frontend/src/components/ui/__tests__/Skeleton.test.tsx" name="ListSkeleton &gt; should render custom number of skeleton cards" time="0">
            <failure message="document is not defined" type="ReferenceError">
ReferenceError: document is not defined
 ❯ Proxy.render node_modules/@testing-library/react/dist/pure.js:257:5
 ❯ frontend/src/components/ui/__tests__/Skeleton.test.tsx:157:5
            </failure>
        </testcase>
        <testcase classname="frontend/src/components/ui/__tests__/Skeleton.test.tsx" name="ListSkeleton &gt; should render single skeleton card" time="0">
            <failure message="document is not defined" type="ReferenceError">
ReferenceError: document is not defined
 ❯ Proxy.render node_modules/@testing-library/react/dist/pure.js:257:5
 ❯ frontend/src/components/ui/__tests__/Skeleton.test.tsx:164:5
            </failure>
        </testcase>
        <testcase classname="frontend/src/components/ui/__tests__/Skeleton.test.tsx" name="ListSkeleton &gt; should render large number of skeleton cards" time="0.001">
            <failure message="document is not defined" type="ReferenceError">
ReferenceError: document is not defined
 ❯ Proxy.render node_modules/@testing-library/react/dist/pure.js:257:5
 ❯ frontend/src/components/ui/__tests__/Skeleton.test.tsx:171:5
            </failure>
        </testcase>
        <testcase classname="frontend/src/components/ui/__tests__/Skeleton.test.tsx" name="ListSkeleton &gt; should have proper spacing between cards" time="0">
            <failure message="document is not defined" type="ReferenceError">
ReferenceError: document is not defined
 ❯ Proxy.render node_modules/@testing-library/react/dist/pure.js:257:5
 ❯ frontend/src/components/ui/__tests__/Skeleton.test.tsx:178:5
            </failure>
        </testcase>
        <testcase classname="frontend/src/components/ui/__tests__/Skeleton.test.tsx" name="ListSkeleton &gt; should handle zero count gracefully" time="0">
            <failure message="document is not defined" type="ReferenceError">
ReferenceError: document is not defined
 ❯ Proxy.render node_modules/@testing-library/react/dist/pure.js:257:5
 ❯ frontend/src/components/ui/__tests__/Skeleton.test.tsx:185:5
            </failure>
        </testcase>
        <testcase classname="frontend/src/components/ui/__tests__/Skeleton.test.tsx" name="DetailPageSkeleton &gt; should render main container with proper styling" time="0">
            <failure message="document is not defined" type="ReferenceError">
ReferenceError: document is not defined
 ❯ Proxy.render node_modules/@testing-library/react/dist/pure.js:257:5
 ❯ frontend/src/components/ui/__tests__/Skeleton.test.tsx:194:5
            </failure>
        </testcase>
        <testcase classname="frontend/src/components/ui/__tests__/Skeleton.test.tsx" name="DetailPageSkeleton &gt; should render hero section skeleton" time="0">
            <failure message="document is not defined" type="ReferenceError">
ReferenceError: document is not defined
 ❯ Proxy.render node_modules/@testing-library/react/dist/pure.js:257:5
 ❯ frontend/src/components/ui/__tests__/Skeleton.test.tsx:201:5
            </failure>
        </testcase>
        <testcase classname="frontend/src/components/ui/__tests__/Skeleton.test.tsx" name="DetailPageSkeleton &gt; should render main info card skeleton" time="0">
            <failure message="document is not defined" type="ReferenceError">
ReferenceError: document is not defined
 ❯ Proxy.render node_modules/@testing-library/react/dist/pure.js:257:5
 ❯ frontend/src/components/ui/__tests__/Skeleton.test.tsx:210:5
            </failure>
        </testcase>
        <testcase classname="frontend/src/components/ui/__tests__/Skeleton.test.tsx" name="DetailPageSkeleton &gt; should render action button skeleton in info card" time="0">
            <failure message="document is not defined" type="ReferenceError">
ReferenceError: document is not defined
 ❯ Proxy.render node_modules/@testing-library/react/dist/pure.js:257:5
 ❯ frontend/src/components/ui/__tests__/Skeleton.test.tsx:217:5
            </failure>
        </testcase>
        <testcase classname="frontend/src/components/ui/__tests__/Skeleton.test.tsx" name="DetailPageSkeleton &gt; should render drinks menu skeleton" time="0">
            <failure message="document is not defined" type="ReferenceError">
ReferenceError: document is not defined
 ❯ Proxy.render node_modules/@testing-library/react/dist/pure.js:257:5
 ❯ frontend/src/components/ui/__tests__/Skeleton.test.tsx:226:5
            </failure>
        </testcase>
        <testcase classname="frontend/src/components/ui/__tests__/Skeleton.test.tsx" name="DetailPageSkeleton &gt; should render multiple drink items in menu" time="0">
            <failure message="document is not defined" type="ReferenceError">
ReferenceError: document is not defined
 ❯ Proxy.render node_modules/@testing-library/react/dist/pure.js:257:5
 ❯ frontend/src/components/ui/__tests__/Skeleton.test.tsx:233:5
            </failure>
        </testcase>
        <testcase classname="frontend/src/components/ui/__tests__/Skeleton.test.tsx" name="DetailPageSkeleton &gt; should have proper positioning and z-index" time="0">
            <failure message="document is not defined" type="ReferenceError">
ReferenceError: document is not defined
 ❯ Proxy.render node_modules/@testing-library/react/dist/pure.js:257:5
 ❯ frontend/src/components/ui/__tests__/Skeleton.test.tsx:241:5
            </failure>
        </testcase>
        <testcase classname="frontend/src/components/ui/__tests__/Skeleton.test.tsx" name="DetailPageSkeleton &gt; should use pulse animation for hero section" time="0">
            <failure message="document is not defined" type="ReferenceError">
ReferenceError: document is not defined
 ❯ Proxy.render node_modules/@testing-library/react/dist/pure.js:257:5
 ❯ frontend/src/components/ui/__tests__/Skeleton.test.tsx:248:5
            </failure>
        </testcase>
        <testcase classname="frontend/src/components/ui/__tests__/Skeleton.test.tsx" name="DetailPageSkeleton &gt; should have different skeleton widths for varying content" time="0">
            <failure message="document is not defined" type="ReferenceError">
ReferenceError: document is not defined
 ❯ Proxy.render node_modules/@testing-library/react/dist/pure.js:257:5
 ❯ frontend/src/components/ui/__tests__/Skeleton.test.tsx:255:5
            </failure>
        </testcase>
        <testcase classname="frontend/src/components/ui/__tests__/Skeleton.test.tsx" name="Skeleton Components Integration &gt; should work well together in complex layouts" time="0">
            <failure message="document is not defined" type="ReferenceError">
ReferenceError: document is not defined
 ❯ Proxy.render node_modules/@testing-library/react/dist/pure.js:257:5
 ❯ frontend/src/components/ui/__tests__/Skeleton.test.tsx:266:5
            </failure>
        </testcase>
        <testcase classname="frontend/src/components/ui/__tests__/Skeleton.test.tsx" name="Skeleton Components Integration &gt; should maintain consistent styling across components" time="0">
            <failure message="document is not defined" type="ReferenceError">
ReferenceError: document is not defined
 ❯ Proxy.render node_modules/@testing-library/react/dist/pure.js:257:5
 ❯ frontend/src/components/ui/__tests__/Skeleton.test.tsx:282:5
            </failure>
        </testcase>
        <testcase classname="frontend/src/components/ui/__tests__/Skeleton.test.tsx" name="Skeleton Performance &gt; should render large lists efficiently" time="0">
            <failure message="document is not defined" type="ReferenceError">
ReferenceError: document is not defined
 ❯ Proxy.render node_modules/@testing-library/react/dist/pure.js:257:5
 ❯ frontend/src/components/ui/__tests__/Skeleton.test.tsx:299:5
            </failure>
        </testcase>
        <testcase classname="frontend/src/components/ui/__tests__/Skeleton.test.tsx" name="Skeleton Performance &gt; should handle rapid re-renders" time="0">
            <failure message="document is not defined" type="ReferenceError">
ReferenceError: document is not defined
 ❯ Proxy.render node_modules/@testing-library/react/dist/pure.js:257:5
 ❯ frontend/src/components/ui/__tests__/Skeleton.test.tsx:310:26
            </failure>
        </testcase>
        <testcase classname="frontend/src/components/ui/__tests__/Skeleton.test.tsx" name="Skeleton Edge Cases &gt; should handle negative dimensions gracefully" time="0">
            <failure message="document is not defined" type="ReferenceError">
ReferenceError: document is not defined
 ❯ Proxy.render node_modules/@testing-library/react/dist/pure.js:257:5
 ❯ frontend/src/components/ui/__tests__/Skeleton.test.tsx:323:5
            </failure>
        </testcase>
        <testcase classname="frontend/src/components/ui/__tests__/Skeleton.test.tsx" name="Skeleton Edge Cases &gt; should handle zero dimensions" time="0">
            <failure message="document is not defined" type="ReferenceError">
ReferenceError: document is not defined
 ❯ Proxy.render node_modules/@testing-library/react/dist/pure.js:257:5
 ❯ frontend/src/components/ui/__tests__/Skeleton.test.tsx:329:5
            </failure>
        </testcase>
        <testcase classname="frontend/src/components/ui/__tests__/Skeleton.test.tsx" name="Skeleton Edge Cases &gt; should handle very large dimensions" time="0">
            <failure message="document is not defined" type="ReferenceError">
ReferenceError: document is not defined
 ❯ Proxy.render node_modules/@testing-library/react/dist/pure.js:257:5
 ❯ frontend/src/components/ui/__tests__/Skeleton.test.tsx:335:5
            </failure>
        </testcase>
        <testcase classname="frontend/src/components/ui/__tests__/Skeleton.test.tsx" name="Skeleton Edge Cases &gt; should handle special string values" time="0.001">
            <failure message="document is not defined" type="ReferenceError">
ReferenceError: document is not defined
 ❯ Proxy.render node_modules/@testing-library/react/dist/pure.js:257:5
 ❯ frontend/src/components/ui/__tests__/Skeleton.test.tsx:341:5
            </failure>
        </testcase>
        <testcase classname="frontend/src/components/ui/__tests__/Skeleton.test.tsx" name="Skeleton Edge Cases &gt; should handle undefined props gracefully" time="0.001">
            <failure message="expected [Function] to not throw an error but &apos;ReferenceError: document is not defin…&apos; was thrown" type="AssertionError">
AssertionError: expected [Function] to not throw an error but &apos;ReferenceError: document is not defin…&apos; was thrown

- Expected: 
undefined

+ Received: 
&quot;ReferenceError: document is not defined&quot;

 ❯ frontend/src/components/ui/__tests__/Skeleton.test.tsx:349:12
            </failure>
        </testcase>
        <testcase classname="frontend/src/components/ui/__tests__/Skeleton.test.tsx" name="Skeleton Accessibility &gt; should be screen reader friendly" time="0">
            <failure message="document is not defined" type="ReferenceError">
ReferenceError: document is not defined
 ❯ Proxy.render node_modules/@testing-library/react/dist/pure.js:257:5
 ❯ frontend/src/components/ui/__tests__/Skeleton.test.tsx:356:5
            </failure>
        </testcase>
        <testcase classname="frontend/src/components/ui/__tests__/Skeleton.test.tsx" name="Skeleton Accessibility &gt; should work with ARIA busy states" time="0">
            <failure message="document is not defined" type="ReferenceError">
ReferenceError: document is not defined
 ❯ Proxy.render node_modules/@testing-library/react/dist/pure.js:257:5
 ❯ frontend/src/components/ui/__tests__/Skeleton.test.tsx:365:5
            </failure>
        </testcase>
    </testsuite>
</testsuites>
